[ 2017-06-09T13:12:18+08:00 ] 127.0.0.1 /index.php/Manage/Ajax/Login
INFO: [ app_begin ] --START--
INFO: Run Behavior\ReadHtmlCacheBehavior [ RunTime:0.000000s ]
INFO: [ app_begin ] --END-- [ RunTime:0.001000s ]
SQL: SHOW COLUMNS FROM `edu_user` [ RunTime:0.0130s ]
SQL: SELECT `pwd`,`type`,`schoolid` FROM `edu_user` WHERE ( (account='liutong' or phone='liutong') and type=4 ) LIMIT 1   [ RunTime:0.0100s ]
INFO: [ app_end ] --START--
INFO: Run Behavior\ShowPageTraceBehavior [ RunTime:0.002000s ]
INFO: [ app_end ] --END-- [ RunTime:0.002000s ]

[ 2017-06-09T14:24:42+08:00 ] 127.0.0.1 /index.php/Manage/Ajax/GetGradeClass
INFO: [ app_begin ] --START--
INFO: Run Behavior\ReadHtmlCacheBehavior [ RunTime:0.000000s ]
INFO: [ app_begin ] --END-- [ RunTime:0.001000s ]
SQL: SHOW COLUMNS FROM `edu_class` [ RunTime:0.0140s ]
SQL: SELECT `name`,`id` FROM `edu_class` WHERE ( grade='1' and schoolid=94 ) ORDER BY orderid asc  [ RunTime:0.0120s ]
INFO: [ app_end ] --START--
INFO: Run Behavior\ShowPageTraceBehavior [ RunTime:0.000000s ]
INFO: [ app_end ] --END-- [ RunTime:0.000000s ]

[ 2017-06-09T14:24:46+08:00 ] 127.0.0.1 /index.php/Manage/Ajax/GetGradeClass
INFO: [ app_begin ] --START--
INFO: Run Behavior\ReadHtmlCacheBehavior [ RunTime:0.000000s ]
INFO: [ app_begin ] --END-- [ RunTime:0.001000s ]
SQL: SHOW COLUMNS FROM `edu_class` [ RunTime:0.0090s ]
SQL: SELECT `name`,`id` FROM `edu_class` WHERE ( grade='5' and schoolid=94 ) ORDER BY orderid asc  [ RunTime:0.0090s ]
INFO: [ app_end ] --START--
INFO: Run Behavior\ShowPageTraceBehavior [ RunTime:0.001000s ]
INFO: [ app_end ] --END-- [ RunTime:0.001000s ]

[ 2017-06-09T15:10:47+08:00 ] 127.0.0.1 /index.php/Manage/Ajax/GetLessonElement
INFO: [ app_begin ] --START--
INFO: Run Behavior\ReadHtmlCacheBehavior [ RunTime:0.001000s ]
INFO: [ app_begin ] --END-- [ RunTime:0.001000s ]
SQL: SHOW COLUMNS FROM `edu_lesson_record` [ RunTime:0.0140s ]
SQL: SELECT `uptime`,`result` FROM `edu_lesson_record` WHERE ( action='camera' and lessonid=14079 ) ORDER BY id desc  [ RunTime:0.0320s ]
INFO: [ app_end ] --START--
INFO: Run Behavior\ShowPageTraceBehavior [ RunTime:0.001000s ]
INFO: [ app_end ] --END-- [ RunTime:0.002000s ]

[ 2017-06-09T15:10:48+08:00 ] 127.0.0.1 /index.php/Manage/Ajax/GetLessonElement
INFO: [ app_begin ] --START--
INFO: Run Behavior\ReadHtmlCacheBehavior [ RunTime:0.001000s ]
INFO: [ app_begin ] --END-- [ RunTime:0.001000s ]
SQL: SHOW COLUMNS FROM `edu_lesson_record` [ RunTime:0.0100s ]
SQL: SELECT `uptime`,`result` FROM `edu_lesson_record` WHERE ( action='xiti' and lessonid=14079 ) ORDER BY id desc  [ RunTime:0.0100s ]
INFO: [ app_end ] --START--
INFO: Run Behavior\ShowPageTraceBehavior [ RunTime:0.000000s ]
INFO: [ app_end ] --END-- [ RunTime:0.000000s ]

[ 2017-06-09T15:10:49+08:00 ] 127.0.0.1 /index.php/Manage/Ajax/GetLessonElement
INFO: [ app_begin ] --START--
INFO: Run Behavior\ReadHtmlCacheBehavior [ RunTime:0.001000s ]
INFO: [ app_begin ] --END-- [ RunTime:0.001000s ]
SQL: SHOW COLUMNS FROM `edu_lesson_record` [ RunTime:0.0120s ]
SQL: SELECT `id`,`uptime`,`result` FROM `edu_lesson_record` WHERE ( action='handon' and lessonid=14079 ) ORDER BY id desc  [ RunTime:0.0100s ]
INFO: [ app_end ] --START--
INFO: Run Behavior\ShowPageTraceBehavior [ RunTime:0.001000s ]
INFO: [ app_end ] --END-- [ RunTime:0.002000s ]

[ 2017-06-09T15:10:50+08:00 ] 127.0.0.1 /index.php/Manage/Ajax/GetLessonElement
INFO: [ app_begin ] --START--
INFO: Run Behavior\ReadHtmlCacheBehavior [ RunTime:0.000000s ]
INFO: [ app_begin ] --END-- [ RunTime:0.001000s ]
SQL: SHOW COLUMNS FROM `edu_lesson_record` [ RunTime:0.0110s ]
SQL: SELECT `uptime`,`result` FROM `edu_lesson_record` WHERE ( action='camera' and lessonid=14079 ) ORDER BY id desc  [ RunTime:0.0120s ]
INFO: [ app_end ] --START--
INFO: Run Behavior\ShowPageTraceBehavior [ RunTime:0.002000s ]
INFO: [ app_end ] --END-- [ RunTime:0.002000s ]

[ 2017-06-09T15:11:01+08:00 ] 127.0.0.1 /index.php/Manage/Ajax/GetLessonElement
INFO: [ app_begin ] --START--
INFO: Run Behavior\ReadHtmlCacheBehavior [ RunTime:0.001001s ]
INFO: [ app_begin ] --END-- [ RunTime:0.002001s ]
SQL: SHOW COLUMNS FROM `edu_lesson_record` [ RunTime:0.0100s ]
SQL: SELECT `uptime`,`result` FROM `edu_lesson_record` WHERE ( action='camera' and lessonid=14078 ) ORDER BY id desc  [ RunTime:0.0150s ]
INFO: [ app_end ] --START--
INFO: Run Behavior\ShowPageTraceBehavior [ RunTime:0.002000s ]
INFO: [ app_end ] --END-- [ RunTime:0.002000s ]

[ 2017-06-09T15:11:33+08:00 ] 127.0.0.1 /index.php/Manage/Ajax/GetLessonElement
INFO: [ app_begin ] --START--
INFO: Run Behavior\ReadHtmlCacheBehavior [ RunTime:0.001000s ]
INFO: [ app_begin ] --END-- [ RunTime:0.001000s ]
SQL: SHOW COLUMNS FROM `edu_lesson_record` [ RunTime:0.0100s ]
SQL: SELECT `uptime`,`result` FROM `edu_lesson_record` WHERE ( action='xiti' and lessonid=14078 ) ORDER BY id desc  [ RunTime:0.0110s ]
SQL: SHOW COLUMNS FROM `edu_user` [ RunTime:0.0100s ]
SQL: SELECT `name` FROM `edu_user` WHERE ( id=5340 ) LIMIT 1   [ RunTime:0.0100s ]
SQL: SELECT `name` FROM `edu_user` WHERE ( id=5348 ) LIMIT 1   [ RunTime:0.0100s ]
SQL: SELECT `name` FROM `edu_user` WHERE ( id=5344 ) LIMIT 1   [ RunTime:0.0090s ]
SQL: SELECT `name` FROM `edu_user` WHERE ( id=5320 ) LIMIT 1   [ RunTime:0.0100s ]
SQL: SELECT `name` FROM `edu_user` WHERE ( id=5329 ) LIMIT 1   [ RunTime:0.0090s ]
SQL: SELECT `name` FROM `edu_user` WHERE ( id=5335 ) LIMIT 1   [ RunTime:0.0090s ]
SQL: SELECT `name` FROM `edu_user` WHERE ( id=5333 ) LIMIT 1   [ RunTime:0.0110s ]
SQL: SELECT `name` FROM `edu_user` WHERE ( id=5324 ) LIMIT 1   [ RunTime:0.0090s ]
SQL: SELECT `name` FROM `edu_user` WHERE ( id=5330 ) LIMIT 1   [ RunTime:0.0120s ]
SQL: SELECT `name` FROM `edu_user` WHERE ( id=5326 ) LIMIT 1   [ RunTime:0.0090s ]
SQL: SELECT `name` FROM `edu_user` WHERE ( id=5351 ) LIMIT 1   [ RunTime:0.0100s ]
SQL: SELECT `name` FROM `edu_user` WHERE ( id=5328 ) LIMIT 1   [ RunTime:0.0090s ]
SQL: SELECT `name` FROM `edu_user` WHERE ( id=5342 ) LIMIT 1   [ RunTime:0.0080s ]
SQL: SELECT `name` FROM `edu_user` WHERE ( id=5343 ) LIMIT 1   [ RunTime:0.0120s ]
SQL: SELECT `name` FROM `edu_user` WHERE ( id=5321 ) LIMIT 1   [ RunTime:0.0100s ]
SQL: SELECT `name` FROM `edu_user` WHERE ( id=5327 ) LIMIT 1   [ RunTime:0.0080s ]
SQL: SELECT `name` FROM `edu_user` WHERE ( id=5341 ) LIMIT 1   [ RunTime:0.0100s ]
SQL: SELECT `name` FROM `edu_user` WHERE ( id=5331 ) LIMIT 1   [ RunTime:0.0090s ]
SQL: SELECT `name` FROM `edu_user` WHERE ( id=5352 ) LIMIT 1   [ RunTime:0.0090s ]
SQL: SELECT `name` FROM `edu_user` WHERE ( id=5350 ) LIMIT 1   [ RunTime:0.0090s ]
SQL: SELECT `name` FROM `edu_user` WHERE ( id=5354 ) LIMIT 1   [ RunTime:0.0080s ]
SQL: SELECT `name` FROM `edu_user` WHERE ( id=5349 ) LIMIT 1   [ RunTime:0.0130s ]
SQL: SELECT `name` FROM `edu_user` WHERE ( id=5334 ) LIMIT 1   [ RunTime:0.0100s ]
SQL: SELECT `name` FROM `edu_user` WHERE ( id=5325 ) LIMIT 1   [ RunTime:0.0160s ]
SQL: SELECT `name` FROM `edu_user` WHERE ( id=5347 ) LIMIT 1   [ RunTime:0.0090s ]
SQL: SELECT `name` FROM `edu_user` WHERE ( id=5345 ) LIMIT 1   [ RunTime:0.0110s ]
SQL: SELECT `name` FROM `edu_user` WHERE ( id=5332 ) LIMIT 1   [ RunTime:0.0110s ]
SQL: SELECT `name` FROM `edu_user` WHERE ( id=5346 ) LIMIT 1   [ RunTime:0.0170s ]
SQL: SELECT `name` FROM `edu_user` WHERE ( id=5353 ) LIMIT 1   [ RunTime:0.0140s ]
SQL: SELECT `name` FROM `edu_user` WHERE ( id=5323 ) LIMIT 1   [ RunTime:0.0130s ]
SQL: SELECT `name` FROM `edu_user` WHERE ( id=5336 ) LIMIT 1   [ RunTime:0.0100s ]
SQL: SELECT `name` FROM `edu_user` WHERE ( id=5348 ) LIMIT 1   [ RunTime:0.0150s ]
SQL: SELECT `name` FROM `edu_user` WHERE ( id=5344 ) LIMIT 1   [ RunTime:0.0130s ]
SQL: SELECT `name` FROM `edu_user` WHERE ( id=5333 ) LIMIT 1   [ RunTime:0.0110s ]
SQL: SELECT `name` FROM `edu_user` WHERE ( id=5330 ) LIMIT 1   [ RunTime:0.0100s ]
SQL: SELECT `name` FROM `edu_user` WHERE ( id=5326 ) LIMIT 1   [ RunTime:0.0090s ]
SQL: SELECT `name` FROM `edu_user` WHERE ( id=5351 ) LIMIT 1   [ RunTime:0.0120s ]
SQL: SELECT `name` FROM `edu_user` WHERE ( id=5321 ) LIMIT 1   [ RunTime:0.0090s ]
SQL: SELECT `name` FROM `edu_user` WHERE ( id=5352 ) LIMIT 1   [ RunTime:0.0090s ]
SQL: SELECT `name` FROM `edu_user` WHERE ( id=5350 ) LIMIT 1   [ RunTime:0.0090s ]
SQL: SELECT `name` FROM `edu_user` WHERE ( id=5349 ) LIMIT 1   [ RunTime:0.0160s ]
SQL: SELECT `name` FROM `edu_user` WHERE ( id=5334 ) LIMIT 1   [ RunTime:0.0100s ]
SQL: SELECT `name` FROM `edu_user` WHERE ( id=5325 ) LIMIT 1   [ RunTime:0.0100s ]
SQL: SELECT `name` FROM `edu_user` WHERE ( id=5347 ) LIMIT 1   [ RunTime:0.0100s ]
SQL: SELECT `name` FROM `edu_user` WHERE ( id=5345 ) LIMIT 1   [ RunTime:0.0090s ]
SQL: SELECT `name` FROM `edu_user` WHERE ( id=5346 ) LIMIT 1   [ RunTime:0.0100s ]
SQL: SELECT `name` FROM `edu_user` WHERE ( id=5353 ) LIMIT 1   [ RunTime:0.0090s ]
SQL: SELECT `name` FROM `edu_user` WHERE ( id=5323 ) LIMIT 1   [ RunTime:0.0090s ]
SQL: SELECT `name` FROM `edu_user` WHERE ( id=5336 ) LIMIT 1   [ RunTime:0.0100s ]
SQL: SELECT `name` FROM `edu_user` WHERE ( id=5340 ) LIMIT 1   [ RunTime:0.0090s ]
SQL: SELECT `name` FROM `edu_user` WHERE ( id=5320 ) LIMIT 1   [ RunTime:0.0140s ]
SQL: SELECT `name` FROM `edu_user` WHERE ( id=5329 ) LIMIT 1   [ RunTime:0.0090s ]
SQL: SELECT `name` FROM `edu_user` WHERE ( id=5335 ) LIMIT 1   [ RunTime:0.0110s ]
SQL: SELECT `name` FROM `edu_user` WHERE ( id=5324 ) LIMIT 1   [ RunTime:0.0100s ]
SQL: SELECT `name` FROM `edu_user` WHERE ( id=5328 ) LIMIT 1   [ RunTime:0.0090s ]
SQL: SELECT `name` FROM `edu_user` WHERE ( id=5342 ) LIMIT 1   [ RunTime:0.0120s ]
SQL: SELECT `name` FROM `edu_user` WHERE ( id=5343 ) LIMIT 1   [ RunTime:0.0090s ]
SQL: SELECT `name` FROM `edu_user` WHERE ( id=5327 ) LIMIT 1   [ RunTime:0.0140s ]
SQL: SELECT `name` FROM `edu_user` WHERE ( id=5341 ) LIMIT 1   [ RunTime:0.0090s ]
SQL: SELECT `name` FROM `edu_user` WHERE ( id=5331 ) LIMIT 1   [ RunTime:0.0160s ]
SQL: SELECT `name` FROM `edu_user` WHERE ( id=5354 ) LIMIT 1   [ RunTime:0.0080s ]
SQL: SELECT `name` FROM `edu_user` WHERE ( id=5332 ) LIMIT 1   [ RunTime:0.0100s ]
INFO: [ app_end ] --START--
INFO: Run Behavior\ShowPageTraceBehavior [ RunTime:0.001000s ]
INFO: [ app_end ] --END-- [ RunTime:0.002000s ]

[ 2017-06-09T15:11:38+08:00 ] 127.0.0.1 /index.php/Manage/Ajax/GetLessonElement
INFO: [ app_begin ] --START--
INFO: Run Behavior\ReadHtmlCacheBehavior [ RunTime:0.000000s ]
INFO: [ app_begin ] --END-- [ RunTime:0.001000s ]
SQL: SHOW COLUMNS FROM `edu_lesson_record` [ RunTime:0.0110s ]
SQL: SELECT `id`,`uptime`,`result` FROM `edu_lesson_record` WHERE ( action='handon' and lessonid=14078 ) ORDER BY id desc  [ RunTime:0.0090s ]
SQL: SHOW COLUMNS FROM `edu_user` [ RunTime:0.0110s ]
SQL: SELECT `name` FROM `edu_user` WHERE `id` = 5321 LIMIT 1   [ RunTime:0.0090s ]
SQL: SELECT `name` FROM `edu_user` WHERE `id` = 5345 LIMIT 1   [ RunTime:0.0090s ]
SQL: SELECT `name` FROM `edu_user` WHERE `id` = 5342 LIMIT 1   [ RunTime:0.0090s ]
SQL: SELECT `name` FROM `edu_user` WHERE `id` = 5349 LIMIT 1   [ RunTime:0.0110s ]
SQL: SELECT `name` FROM `edu_user` WHERE `id` = 5333 LIMIT 1   [ RunTime:0.0090s ]
SQL: SELECT `name` FROM `edu_user` WHERE `id` = 5332 LIMIT 1   [ RunTime:0.0110s ]
SQL: SELECT `name` FROM `edu_user` WHERE `id` = 5349 LIMIT 1   [ RunTime:0.0090s ]
SQL: SELECT `name` FROM `edu_user` WHERE `id` = 0 LIMIT 1   [ RunTime:0.0090s ]
INFO: [ app_end ] --START--
INFO: Run Behavior\ShowPageTraceBehavior [ RunTime:0.002000s ]
INFO: [ app_end ] --END-- [ RunTime:0.002000s ]

[ 2017-06-09T15:11:40+08:00 ] 127.0.0.1 /index.php/Manage/Ajax/GetLessonElement
INFO: [ app_begin ] --START--
INFO: Run Behavior\ReadHtmlCacheBehavior [ RunTime:0.000000s ]
INFO: [ app_begin ] --END-- [ RunTime:0.001000s ]
SQL: SHOW COLUMNS FROM `edu_lesson_record` [ RunTime:0.0090s ]
SQL: SELECT `uptime`,`result` FROM `edu_lesson_record` WHERE ( action='xiti' and lessonid=14078 ) ORDER BY id desc  [ RunTime:0.0100s ]
SQL: SHOW COLUMNS FROM `edu_user` [ RunTime:0.0110s ]
SQL: SELECT `name` FROM `edu_user` WHERE ( id=5340 ) LIMIT 1   [ RunTime:0.0080s ]
SQL: SELECT `name` FROM `edu_user` WHERE ( id=5348 ) LIMIT 1   [ RunTime:0.0090s ]
SQL: SELECT `name` FROM `edu_user` WHERE ( id=5344 ) LIMIT 1   [ RunTime:0.0110s ]
SQL: SELECT `name` FROM `edu_user` WHERE ( id=5320 ) LIMIT 1   [ RunTime:0.0120s ]
SQL: SELECT `name` FROM `edu_user` WHERE ( id=5329 ) LIMIT 1   [ RunTime:0.0090s ]
SQL: SELECT `name` FROM `edu_user` WHERE ( id=5335 ) LIMIT 1   [ RunTime:0.0080s ]
SQL: SELECT `name` FROM `edu_user` WHERE ( id=5333 ) LIMIT 1   [ RunTime:0.0110s ]
SQL: SELECT `name` FROM `edu_user` WHERE ( id=5324 ) LIMIT 1   [ RunTime:0.0080s ]
SQL: SELECT `name` FROM `edu_user` WHERE ( id=5330 ) LIMIT 1   [ RunTime:0.0130s ]
SQL: SELECT `name` FROM `edu_user` WHERE ( id=5326 ) LIMIT 1   [ RunTime:0.0090s ]
SQL: SELECT `name` FROM `edu_user` WHERE ( id=5351 ) LIMIT 1   [ RunTime:0.0100s ]
SQL: SELECT `name` FROM `edu_user` WHERE ( id=5328 ) LIMIT 1   [ RunTime:0.0130s ]
SQL: SELECT `name` FROM `edu_user` WHERE ( id=5342 ) LIMIT 1   [ RunTime:0.0120s ]
SQL: SELECT `name` FROM `edu_user` WHERE ( id=5343 ) LIMIT 1   [ RunTime:0.0100s ]
SQL: SELECT `name` FROM `edu_user` WHERE ( id=5321 ) LIMIT 1   [ RunTime:0.0110s ]
SQL: SELECT `name` FROM `edu_user` WHERE ( id=5327 ) LIMIT 1   [ RunTime:0.0090s ]
SQL: SELECT `name` FROM `edu_user` WHERE ( id=5341 ) LIMIT 1   [ RunTime:0.0100s ]
SQL: SELECT `name` FROM `edu_user` WHERE ( id=5331 ) LIMIT 1   [ RunTime:0.0080s ]
SQL: SELECT `name` FROM `edu_user` WHERE ( id=5352 ) LIMIT 1   [ RunTime:0.0080s ]
SQL: SELECT `name` FROM `edu_user` WHERE ( id=5350 ) LIMIT 1   [ RunTime:0.0080s ]
SQL: SELECT `name` FROM `edu_user` WHERE ( id=5354 ) LIMIT 1   [ RunTime:0.0090s ]
SQL: SELECT `name` FROM `edu_user` WHERE ( id=5349 ) LIMIT 1   [ RunTime:0.0080s ]
SQL: SELECT `name` FROM `edu_user` WHERE ( id=5334 ) LIMIT 1   [ RunTime:0.0080s ]
SQL: SELECT `name` FROM `edu_user` WHERE ( id=5325 ) LIMIT 1   [ RunTime:0.0090s ]
SQL: SELECT `name` FROM `edu_user` WHERE ( id=5347 ) LIMIT 1   [ RunTime:0.0100s ]
SQL: SELECT `name` FROM `edu_user` WHERE ( id=5345 ) LIMIT 1   [ RunTime:0.0110s ]
SQL: SELECT `name` FROM `edu_user` WHERE ( id=5332 ) LIMIT 1   [ RunTime:0.0080s ]
SQL: SELECT `name` FROM `edu_user` WHERE ( id=5346 ) LIMIT 1   [ RunTime:0.0080s ]
SQL: SELECT `name` FROM `edu_user` WHERE ( id=5353 ) LIMIT 1   [ RunTime:0.0100s ]
SQL: SELECT `name` FROM `edu_user` WHERE ( id=5323 ) LIMIT 1   [ RunTime:0.0090s ]
SQL: SELECT `name` FROM `edu_user` WHERE ( id=5336 ) LIMIT 1   [ RunTime:0.0080s ]
SQL: SELECT `name` FROM `edu_user` WHERE ( id=5348 ) LIMIT 1   [ RunTime:0.0080s ]
SQL: SELECT `name` FROM `edu_user` WHERE ( id=5344 ) LIMIT 1   [ RunTime:0.0180s ]
SQL: SELECT `name` FROM `edu_user` WHERE ( id=5333 ) LIMIT 1   [ RunTime:0.0110s ]
SQL: SELECT `name` FROM `edu_user` WHERE ( id=5330 ) LIMIT 1   [ RunTime:0.0090s ]
SQL: SELECT `name` FROM `edu_user` WHERE ( id=5326 ) LIMIT 1   [ RunTime:0.0100s ]
SQL: SELECT `name` FROM `edu_user` WHERE ( id=5351 ) LIMIT 1   [ RunTime:0.0090s ]
SQL: SELECT `name` FROM `edu_user` WHERE ( id=5321 ) LIMIT 1   [ RunTime:0.0080s ]
SQL: SELECT `name` FROM `edu_user` WHERE ( id=5352 ) LIMIT 1   [ RunTime:0.0100s ]
SQL: SELECT `name` FROM `edu_user` WHERE ( id=5350 ) LIMIT 1   [ RunTime:0.0110s ]
SQL: SELECT `name` FROM `edu_user` WHERE ( id=5349 ) LIMIT 1   [ RunTime:0.0080s ]
SQL: SELECT `name` FROM `edu_user` WHERE ( id=5334 ) LIMIT 1   [ RunTime:0.0110s ]
SQL: SELECT `name` FROM `edu_user` WHERE ( id=5325 ) LIMIT 1   [ RunTime:0.0080s ]
SQL: SELECT `name` FROM `edu_user` WHERE ( id=5347 ) LIMIT 1   [ RunTime:0.0080s ]
SQL: SELECT `name` FROM `edu_user` WHERE ( id=5345 ) LIMIT 1   [ RunTime:0.0100s ]
SQL: SELECT `name` FROM `edu_user` WHERE ( id=5346 ) LIMIT 1   [ RunTime:0.0080s ]
SQL: SELECT `name` FROM `edu_user` WHERE ( id=5353 ) LIMIT 1   [ RunTime:0.0100s ]
SQL: SELECT `name` FROM `edu_user` WHERE ( id=5323 ) LIMIT 1   [ RunTime:0.0120s ]
SQL: SELECT `name` FROM `edu_user` WHERE ( id=5336 ) LIMIT 1   [ RunTime:0.0080s ]
SQL: SELECT `name` FROM `edu_user` WHERE ( id=5340 ) LIMIT 1   [ RunTime:0.0110s ]
SQL: SELECT `name` FROM `edu_user` WHERE ( id=5320 ) LIMIT 1   [ RunTime:0.0090s ]
SQL: SELECT `name` FROM `edu_user` WHERE ( id=5329 ) LIMIT 1   [ RunTime:0.0100s ]
SQL: SELECT `name` FROM `edu_user` WHERE ( id=5335 ) LIMIT 1   [ RunTime:0.0120s ]
SQL: SELECT `name` FROM `edu_user` WHERE ( id=5324 ) LIMIT 1   [ RunTime:0.0090s ]
SQL: SELECT `name` FROM `edu_user` WHERE ( id=5328 ) LIMIT 1   [ RunTime:0.0130s ]
SQL: SELECT `name` FROM `edu_user` WHERE ( id=5342 ) LIMIT 1   [ RunTime:0.0080s ]
SQL: SELECT `name` FROM `edu_user` WHERE ( id=5343 ) LIMIT 1   [ RunTime:0.0100s ]
SQL: SELECT `name` FROM `edu_user` WHERE ( id=5327 ) LIMIT 1   [ RunTime:0.0080s ]
SQL: SELECT `name` FROM `edu_user` WHERE ( id=5341 ) LIMIT 1   [ RunTime:0.0100s ]
SQL: SELECT `name` FROM `edu_user` WHERE ( id=5331 ) LIMIT 1   [ RunTime:0.0090s ]
SQL: SELECT `name` FROM `edu_user` WHERE ( id=5354 ) LIMIT 1   [ RunTime:0.0090s ]
SQL: SELECT `name` FROM `edu_user` WHERE ( id=5332 ) LIMIT 1   [ RunTime:0.0080s ]
INFO: [ app_end ] --START--
INFO: Run Behavior\ShowPageTraceBehavior [ RunTime:0.001000s ]
INFO: [ app_end ] --END-- [ RunTime:0.002000s ]

[ 2017-06-09T15:11:51+08:00 ] 127.0.0.1 /index.php/Manage/Ajax/GetLessonElement
INFO: [ app_begin ] --START--
INFO: Run Behavior\ReadHtmlCacheBehavior [ RunTime:0.001000s ]
INFO: [ app_begin ] --END-- [ RunTime:0.001000s ]
SQL: SHOW COLUMNS FROM `edu_lesson_record` [ RunTime:0.0100s ]
SQL: SELECT `uptime`,`result` FROM `edu_lesson_record` WHERE ( action='camera' and lessonid=14078 ) ORDER BY id desc  [ RunTime:0.0090s ]
INFO: [ app_end ] --START--
INFO: Run Behavior\ShowPageTraceBehavior [ RunTime:0.000000s ]
INFO: [ app_end ] --END-- [ RunTime:0.000000s ]

[ 2017-06-09T16:19:51+08:00 ] 127.0.0.1 /index.php/Manage/Ajax/GetLessonElement
INFO: [ app_begin ] --START--
INFO: Run Behavior\ReadHtmlCacheBehavior [ RunTime:0.000000s ]
INFO: [ app_begin ] --END-- [ RunTime:0.001000s ]
SQL: SHOW COLUMNS FROM `edu_lesson_record` [ RunTime:0.0150s ]
SQL: SELECT `uptime`,`result` FROM `edu_lesson_record` WHERE ( action='xiti' and lessonid=14078 ) ORDER BY id desc  [ RunTime:0.0100s ]
SQL: SHOW COLUMNS FROM `edu_user` [ RunTime:0.0140s ]
SQL: SELECT `name` FROM `edu_user` WHERE ( id=5340 ) LIMIT 1   [ RunTime:0.0090s ]
SQL: SELECT `name` FROM `edu_user` WHERE ( id=5348 ) LIMIT 1   [ RunTime:0.0090s ]
SQL: SELECT `name` FROM `edu_user` WHERE ( id=5344 ) LIMIT 1   [ RunTime:0.0150s ]
SQL: SELECT `name` FROM `edu_user` WHERE ( id=5320 ) LIMIT 1   [ RunTime:0.0080s ]
SQL: SELECT `name` FROM `edu_user` WHERE ( id=5329 ) LIMIT 1   [ RunTime:0.0080s ]
SQL: SELECT `name` FROM `edu_user` WHERE ( id=5335 ) LIMIT 1   [ RunTime:0.0090s ]
SQL: SELECT `name` FROM `edu_user` WHERE ( id=5333 ) LIMIT 1   [ RunTime:0.0100s ]
SQL: SELECT `name` FROM `edu_user` WHERE ( id=5324 ) LIMIT 1   [ RunTime:0.0120s ]
SQL: SELECT `name` FROM `edu_user` WHERE ( id=5330 ) LIMIT 1   [ RunTime:0.0130s ]
SQL: SELECT `name` FROM `edu_user` WHERE ( id=5326 ) LIMIT 1   [ RunTime:0.0080s ]
SQL: SELECT `name` FROM `edu_user` WHERE ( id=5351 ) LIMIT 1   [ RunTime:0.0080s ]
SQL: SELECT `name` FROM `edu_user` WHERE ( id=5328 ) LIMIT 1   [ RunTime:0.0090s ]
SQL: SELECT `name` FROM `edu_user` WHERE ( id=5342 ) LIMIT 1   [ RunTime:0.0150s ]
SQL: SELECT `name` FROM `edu_user` WHERE ( id=5343 ) LIMIT 1   [ RunTime:0.0090s ]
SQL: SELECT `name` FROM `edu_user` WHERE ( id=5321 ) LIMIT 1   [ RunTime:0.0100s ]
SQL: SELECT `name` FROM `edu_user` WHERE ( id=5327 ) LIMIT 1   [ RunTime:0.0080s ]
SQL: SELECT `name` FROM `edu_user` WHERE ( id=5341 ) LIMIT 1   [ RunTime:0.0140s ]
SQL: SELECT `name` FROM `edu_user` WHERE ( id=5331 ) LIMIT 1   [ RunTime:0.0090s ]
SQL: SELECT `name` FROM `edu_user` WHERE ( id=5352 ) LIMIT 1   [ RunTime:0.0090s ]
SQL: SELECT `name` FROM `edu_user` WHERE ( id=5350 ) LIMIT 1   [ RunTime:0.0090s ]
SQL: SELECT `name` FROM `edu_user` WHERE ( id=5354 ) LIMIT 1   [ RunTime:0.0090s ]
SQL: SELECT `name` FROM `edu_user` WHERE ( id=5349 ) LIMIT 1   [ RunTime:0.0080s ]
SQL: SELECT `name` FROM `edu_user` WHERE ( id=5334 ) LIMIT 1   [ RunTime:0.0120s ]
SQL: SELECT `name` FROM `edu_user` WHERE ( id=5325 ) LIMIT 1   [ RunTime:0.0090s ]
SQL: SELECT `name` FROM `edu_user` WHERE ( id=5347 ) LIMIT 1   [ RunTime:0.0100s ]
SQL: SELECT `name` FROM `edu_user` WHERE ( id=5345 ) LIMIT 1   [ RunTime:0.0090s ]
SQL: SELECT `name` FROM `edu_user` WHERE ( id=5332 ) LIMIT 1   [ RunTime:0.0110s ]
SQL: SELECT `name` FROM `edu_user` WHERE ( id=5346 ) LIMIT 1   [ RunTime:0.0110s ]
SQL: SELECT `name` FROM `edu_user` WHERE ( id=5353 ) LIMIT 1   [ RunTime:0.0130s ]
SQL: SELECT `name` FROM `edu_user` WHERE ( id=5323 ) LIMIT 1   [ RunTime:0.0110s ]
SQL: SELECT `name` FROM `edu_user` WHERE ( id=5336 ) LIMIT 1   [ RunTime:0.0080s ]
SQL: SELECT `name` FROM `edu_user` WHERE ( id=5348 ) LIMIT 1   [ RunTime:0.0110s ]
SQL: SELECT `name` FROM `edu_user` WHERE ( id=5344 ) LIMIT 1   [ RunTime:0.0090s ]
SQL: SELECT `name` FROM `edu_user` WHERE ( id=5333 ) LIMIT 1   [ RunTime:0.0080s ]
SQL: SELECT `name` FROM `edu_user` WHERE ( id=5330 ) LIMIT 1   [ RunTime:0.0110s ]
SQL: SELECT `name` FROM `edu_user` WHERE ( id=5326 ) LIMIT 1   [ RunTime:0.0090s ]
SQL: SELECT `name` FROM `edu_user` WHERE ( id=5351 ) LIMIT 1   [ RunTime:0.0080s ]
SQL: SELECT `name` FROM `edu_user` WHERE ( id=5321 ) LIMIT 1   [ RunTime:0.0090s ]
SQL: SELECT `name` FROM `edu_user` WHERE ( id=5352 ) LIMIT 1   [ RunTime:0.0090s ]
SQL: SELECT `name` FROM `edu_user` WHERE ( id=5350 ) LIMIT 1   [ RunTime:0.0090s ]
SQL: SELECT `name` FROM `edu_user` WHERE ( id=5349 ) LIMIT 1   [ RunTime:0.0100s ]
SQL: SELECT `name` FROM `edu_user` WHERE ( id=5334 ) LIMIT 1   [ RunTime:0.0100s ]
SQL: SELECT `name` FROM `edu_user` WHERE ( id=5325 ) LIMIT 1   [ RunTime:0.0110s ]
SQL: SELECT `name` FROM `edu_user` WHERE ( id=5347 ) LIMIT 1   [ RunTime:0.0110s ]
SQL: SELECT `name` FROM `edu_user` WHERE ( id=5345 ) LIMIT 1   [ RunTime:0.0150s ]
SQL: SELECT `name` FROM `edu_user` WHERE ( id=5346 ) LIMIT 1   [ RunTime:0.0080s ]
SQL: SELECT `name` FROM `edu_user` WHERE ( id=5353 ) LIMIT 1   [ RunTime:0.0110s ]
SQL: SELECT `name` FROM `edu_user` WHERE ( id=5323 ) LIMIT 1   [ RunTime:0.0090s ]
SQL: SELECT `name` FROM `edu_user` WHERE ( id=5336 ) LIMIT 1   [ RunTime:0.0160s ]
SQL: SELECT `name` FROM `edu_user` WHERE ( id=5340 ) LIMIT 1   [ RunTime:0.0160s ]
SQL: SELECT `name` FROM `edu_user` WHERE ( id=5320 ) LIMIT 1   [ RunTime:0.0120s ]
SQL: SELECT `name` FROM `edu_user` WHERE ( id=5329 ) LIMIT 1   [ RunTime:0.0150s ]
SQL: SELECT `name` FROM `edu_user` WHERE ( id=5335 ) LIMIT 1   [ RunTime:0.0120s ]
SQL: SELECT `name` FROM `edu_user` WHERE ( id=5324 ) LIMIT 1   [ RunTime:0.0130s ]
SQL: SELECT `name` FROM `edu_user` WHERE ( id=5328 ) LIMIT 1   [ RunTime:0.0160s ]
SQL: SELECT `name` FROM `edu_user` WHERE ( id=5342 ) LIMIT 1   [ RunTime:0.0110s ]
SQL: SELECT `name` FROM `edu_user` WHERE ( id=5343 ) LIMIT 1   [ RunTime:0.0260s ]
SQL: SELECT `name` FROM `edu_user` WHERE ( id=5327 ) LIMIT 1   [ RunTime:0.0120s ]
SQL: SELECT `name` FROM `edu_user` WHERE ( id=5341 ) LIMIT 1   [ RunTime:0.0270s ]
SQL: SELECT `name` FROM `edu_user` WHERE ( id=5331 ) LIMIT 1   [ RunTime:0.0260s ]
SQL: SELECT `name` FROM `edu_user` WHERE ( id=5354 ) LIMIT 1   [ RunTime:0.0130s ]
SQL: SELECT `name` FROM `edu_user` WHERE ( id=5332 ) LIMIT 1   [ RunTime:0.0150s ]
INFO: [ app_end ] --START--
INFO: Run Behavior\ShowPageTraceBehavior [ RunTime:0.001001s ]
INFO: [ app_end ] --END-- [ RunTime:0.001001s ]

[ 2017-06-09T17:16:38+08:00 ] 127.0.0.1 /index.php/Manage/Ajax/GetLessonElement
INFO: [ app_begin ] --START--
INFO: Run Behavior\ReadHtmlCacheBehavior [ RunTime:0.000000s ]
INFO: [ app_begin ] --END-- [ RunTime:0.000000s ]
SQL: SHOW COLUMNS FROM `edu_lesson_record` [ RunTime:0.0140s ]
SQL: SELECT `uptime`,`result` FROM `edu_lesson_record` WHERE ( action='camera' and lessonid=14078 ) ORDER BY id desc  [ RunTime:0.0550s ]
INFO: [ app_end ] --START--
INFO: Run Behavior\ShowPageTraceBehavior [ RunTime:0.001000s ]
INFO: [ app_end ] --END-- [ RunTime:0.001000s ]

