[ 2017-07-17T10:37:03+08:00 ] 127.0.0.1 /index.php/Manage/Ajax/Login
INFO: [ app_begin ] --START--
INFO: Run Behavior\ReadHtmlCacheBehavior [ RunTime:0.001000s ]
INFO: [ app_begin ] --END-- [ RunTime:0.001000s ]
SQL: SHOW COLUMNS FROM `edu_user` [ RunTime:0.1050s ]
SQL: SELECT `pwd`,`type`,`schoolid` FROM `edu_user` WHERE ( (account='liutong' or phone='liutong') and type=4 ) LIMIT 1   [ RunTime:0.0990s ]
INFO: [ app_end ] --START--
INFO: Run Behavior\ShowPageTraceBehavior [ RunTime:0.002000s ]
INFO: [ app_end ] --END-- [ RunTime:0.002000s ]

[ 2017-07-17T10:39:20+08:00 ] 127.0.0.1 /index.php/Manage/Ajax/OutLogin
INFO: [ app_begin ] --START--
INFO: Run Behavior\ReadHtmlCacheBehavior [ RunTime:0.002000s ]
INFO: [ app_begin ] --END-- [ RunTime:0.003001s ]
INFO: [ app_end ] --START--
INFO: Run Behavior\ShowPageTraceBehavior [ RunTime:0.002000s ]
INFO: [ app_end ] --END-- [ RunTime:0.002000s ]

[ 2017-07-17T10:39:50+08:00 ] 127.0.0.1 /index.php/Manage/Ajax/Login
INFO: [ app_begin ] --START--
INFO: Run Behavior\ReadHtmlCacheBehavior [ RunTime:0.002000s ]
INFO: [ app_begin ] --END-- [ RunTime:0.002000s ]
SQL: SHOW COLUMNS FROM `edu_user` [ RunTime:0.1030s ]
SQL: SELECT `pwd`,`type`,`schoolid` FROM `edu_user` WHERE ( (account='liutong' or phone='liutong') and type=4 ) LIMIT 1   [ RunTime:0.1000s ]
INFO: [ app_end ] --START--
INFO: Run Behavior\ShowPageTraceBehavior [ RunTime:0.002000s ]
INFO: [ app_end ] --END-- [ RunTime:0.002000s ]

[ 2017-07-17T10:41:11+08:00 ] 127.0.0.1 /index.php/Manage/Ajax/OutLogin
INFO: [ app_begin ] --START--
INFO: Run Behavior\ReadHtmlCacheBehavior [ RunTime:0.003000s ]
INFO: [ app_begin ] --END-- [ RunTime:0.006000s ]
INFO: [ app_end ] --START--
INFO: Run Behavior\ShowPageTraceBehavior [ RunTime:0.002000s ]
INFO: [ app_end ] --END-- [ RunTime:0.002000s ]

[ 2017-07-17T11:00:53+08:00 ] 127.0.0.1 /index.php/Manage/Ajax/Login
INFO: [ app_begin ] --START--
INFO: Run Behavior\ReadHtmlCacheBehavior [ RunTime:0.001000s ]
INFO: [ app_begin ] --END-- [ RunTime:0.002000s ]
SQL: SHOW COLUMNS FROM `edu_user` [ RunTime:0.1030s ]
SQL: SELECT `pwd`,`type`,`schoolid` FROM `edu_user` WHERE ( (account='liutong' or phone='liutong') and type=4 ) LIMIT 1   [ RunTime:0.1050s ]
INFO: [ app_end ] --START--
INFO: Run Behavior\ShowPageTraceBehavior [ RunTime:0.001000s ]
INFO: [ app_end ] --END-- [ RunTime:0.001000s ]

[ 2017-07-17T12:01:31+08:00 ] 127.0.0.1 /index.php/Manage/Ajax/Login
INFO: [ app_begin ] --START--
INFO: Run Behavior\ReadHtmlCacheBehavior [ RunTime:0.001000s ]
INFO: [ app_begin ] --END-- [ RunTime:0.002000s ]
SQL: SHOW COLUMNS FROM `edu_user` [ RunTime:0.0120s ]
SQL: SELECT `pwd`,`type`,`schoolid` FROM `edu_user` WHERE ( (account='liutong' or phone='liutong') and type=4 ) LIMIT 1   [ RunTime:0.0100s ]
INFO: [ app_end ] --START--
INFO: Run Behavior\ShowPageTraceBehavior [ RunTime:0.000000s ]
INFO: [ app_end ] --END-- [ RunTime:0.000000s ]

[ 2017-07-17T15:00:22+08:00 ] 127.0.0.1 /index.php/Manage/Ajax/OutLogin
INFO: [ app_begin ] --START--
INFO: Run Behavior\ReadHtmlCacheBehavior [ RunTime:0.001000s ]
INFO: [ app_begin ] --END-- [ RunTime:0.002000s ]
INFO: [ app_end ] --START--
INFO: Run Behavior\ShowPageTraceBehavior [ RunTime:0.001000s ]
INFO: [ app_end ] --END-- [ RunTime:0.001000s ]

[ 2017-07-17T15:26:47+08:00 ] 127.0.0.1 /index.php/Manage/Ajax/Login
INFO: [ app_begin ] --START--
INFO: Run Behavior\ReadHtmlCacheBehavior [ RunTime:0.001000s ]
INFO: [ app_begin ] --END-- [ RunTime:0.002000s ]
SQL: SHOW COLUMNS FROM `edu_user` [ RunTime:0.0230s ]
SQL: SELECT `pwd`,`type`,`schoolid` FROM `edu_user` WHERE ( (account='liutong' or phone='liutong') and type=4 ) LIMIT 1   [ RunTime:0.0210s ]
INFO: [ app_end ] --START--
INFO: Run Behavior\ShowPageTraceBehavior [ RunTime:0.003000s ]
INFO: [ app_end ] --END-- [ RunTime:0.003000s ]

