[ 2017-04-08T10:19:22+08:00 ] 127.0.0.1 /index.php/Manage/Ajax/Login
INFO: [ app_begin ] --START--
INFO: Run Behavior\ReadHtmlCacheBehavior [ RunTime:0.002000s ]
INFO: [ app_begin ] --END-- [ RunTime:0.003000s ]
SQL: SHOW COLUMNS FROM `edu_user` [ RunTime:0.0090s ]
SQL: SELECT `pwd`,`type`,`schoolid` FROM `edu_user` WHERE ( (account='liutong' or phone='liutong') and type=4 ) LIMIT 1   [ RunTime:0.0080s ]
INFO: [ app_end ] --START--
INFO: Run Behavior\ShowPageTraceBehavior [ RunTime:0.000000s ]
INFO: [ app_end ] --END-- [ RunTime:0.000000s ]

[ 2017-04-08T10:25:03+08:00 ] 127.0.0.1 /index.php/Manage/Ajax/Login
INFO: [ app_begin ] --START--
INFO: Run Behavior\ReadHtmlCacheBehavior [ RunTime:0.001000s ]
INFO: [ app_begin ] --END-- [ RunTime:0.001000s ]
SQL: SHOW COLUMNS FROM `edu_user` [ RunTime:0.0100s ]
SQL: SELECT `pwd`,`type`,`schoolid` FROM `edu_user` WHERE ( (account='liutong' or phone='liutong') and type=4 ) LIMIT 1   [ RunTime:0.0120s ]
INFO: [ app_end ] --START--
INFO: Run Behavior\ShowPageTraceBehavior [ RunTime:0.002000s ]
INFO: [ app_end ] --END-- [ RunTime:0.002000s ]

[ 2017-04-08T10:58:11+08:00 ] 127.0.0.1 /index.php/Manage/Ajax/Login
INFO: [ app_begin ] --START--
INFO: Run Behavior\ReadHtmlCacheBehavior [ RunTime:0.002000s ]
INFO: [ app_begin ] --END-- [ RunTime:0.003000s ]
SQL: SHOW COLUMNS FROM `edu_user` [ RunTime:0.0130s ]
SQL: SELECT `pwd`,`type`,`schoolid` FROM `edu_user` WHERE ( (account='武广' or phone='武广') and type=4 ) LIMIT 1   [ RunTime:0.0090s ]
INFO: [ app_end ] --START--
INFO: Run Behavior\ShowPageTraceBehavior [ RunTime:0.001000s ]
INFO: [ app_end ] --END-- [ RunTime:0.001000s ]

[ 2017-04-08T10:58:19+08:00 ] 127.0.0.1 /index.php/Manage/Ajax/Login
INFO: [ app_begin ] --START--
INFO: Run Behavior\ReadHtmlCacheBehavior [ RunTime:0.000000s ]
INFO: [ app_begin ] --END-- [ RunTime:0.001000s ]
SQL: SHOW COLUMNS FROM `edu_user` [ RunTime:0.0090s ]
SQL: SELECT `pwd`,`type`,`schoolid` FROM `edu_user` WHERE ( (account='wuguang' or phone='wuguang') and type=4 ) LIMIT 1   [ RunTime:0.0090s ]
INFO: [ app_end ] --START--
INFO: Run Behavior\ShowPageTraceBehavior [ RunTime:0.002000s ]
INFO: [ app_end ] --END-- [ RunTime:0.002000s ]

