[ 2017-04-19T10:16:13+08:00 ] 127.0.0.1 /index.php/Manage/Ajax/Login
INFO: [ app_begin ] --START--
INFO: Run Behavior\ReadHtmlCacheBehavior [ RunTime:0.000000s ]
INFO: [ app_begin ] --END-- [ RunTime:0.000000s ]
SQL: SHOW COLUMNS FROM `edu_user` [ RunTime:0.0966s ]
SQL: SELECT `pwd`,`type`,`schoolid` FROM `edu_user` WHERE ( (account='liutong' or phone='liutong') and type=4 ) LIMIT 1   [ RunTime:0.1404s ]
INFO: [ app_end ] --START--
INFO: Run Behavior\ShowPageTraceBehavior [ RunTime:0.000000s ]
INFO: [ app_end ] --END-- [ RunTime:0.000000s ]

[ 2017-04-19T15:10:31+08:00 ] 127.0.0.1 /index.php/Manage/Ajax/Login
INFO: [ app_begin ] --START--
INFO: Run Behavior\ReadHtmlCacheBehavior [ RunTime:0.001000s ]
INFO: [ app_begin ] --END-- [ RunTime:0.001000s ]
SQL: SHOW COLUMNS FROM `edu_user` [ RunTime:0.0110s ]
SQL: SELECT `pwd`,`type`,`schoolid` FROM `edu_user` WHERE ( (account='liutong' or phone='liutong') and type=4 ) LIMIT 1   [ RunTime:0.0090s ]
INFO: [ app_end ] --START--
INFO: Run Behavior\ShowPageTraceBehavior [ RunTime:0.001000s ]
INFO: [ app_end ] --END-- [ RunTime:0.001000s ]

[ 2017-04-19T15:10:53+08:00 ] 127.0.0.1 /index.php/Manage/Ajax/GetGradeClass
INFO: [ app_begin ] --START--
INFO: Run Behavior\ReadHtmlCacheBehavior [ RunTime:0.000000s ]
INFO: [ app_begin ] --END-- [ RunTime:0.000000s ]
SQL: SHOW COLUMNS FROM `edu_class` [ RunTime:0.0120s ]
SQL: SELECT `name`,`id` FROM `edu_class` WHERE ( grade='6' and schoolid=94 ) ORDER BY orderid asc  [ RunTime:0.0090s ]
INFO: [ app_end ] --START--
INFO: Run Behavior\ShowPageTraceBehavior [ RunTime:0.000000s ]
INFO: [ app_end ] --END-- [ RunTime:0.000000s ]

[ 2017-04-19T15:11:40+08:00 ] 127.0.0.1 /index.php/Manage/Ajax/GetGradeClass
INFO: [ app_begin ] --START--
INFO: Run Behavior\ReadHtmlCacheBehavior [ RunTime:0.001000s ]
INFO: [ app_begin ] --END-- [ RunTime:0.001000s ]
SQL: SHOW COLUMNS FROM `edu_class` [ RunTime:0.0370s ]
SQL: SELECT `name`,`id` FROM `edu_class` WHERE ( grade='5' and schoolid=94 ) ORDER BY orderid asc  [ RunTime:0.0390s ]
INFO: [ app_end ] --START--
INFO: Run Behavior\ShowPageTraceBehavior [ RunTime:0.001000s ]
INFO: [ app_end ] --END-- [ RunTime:0.001000s ]

[ 2017-04-19T15:16:29+08:00 ] 127.0.0.1 /index.php/Manage/Ajax/GetGradeClass
INFO: [ app_begin ] --START--
INFO: Run Behavior\ReadHtmlCacheBehavior [ RunTime:0.001000s ]
INFO: [ app_begin ] --END-- [ RunTime:0.001000s ]
SQL: SHOW COLUMNS FROM `edu_class` [ RunTime:0.0100s ]
SQL: SELECT `name`,`id` FROM `edu_class` WHERE ( grade='5' and schoolid=94 ) ORDER BY orderid asc  [ RunTime:0.0110s ]
INFO: [ app_end ] --START--
INFO: Run Behavior\ShowPageTraceBehavior [ RunTime:0.002000s ]
INFO: [ app_end ] --END-- [ RunTime:0.002000s ]

[ 2017-04-19T15:17:39+08:00 ] 127.0.0.1 /index.php/Manage/Ajax/GetGradeClass
INFO: [ app_begin ] --START--
INFO: Run Behavior\ReadHtmlCacheBehavior [ RunTime:0.000000s ]
INFO: [ app_begin ] --END-- [ RunTime:0.001000s ]
SQL: SHOW COLUMNS FROM `edu_class` [ RunTime:0.0150s ]
SQL: SELECT `name`,`id` FROM `edu_class` WHERE ( grade='3' and schoolid=94 ) ORDER BY orderid asc  [ RunTime:0.0140s ]
INFO: [ app_end ] --START--
INFO: Run Behavior\ShowPageTraceBehavior [ RunTime:0.001000s ]
INFO: [ app_end ] --END-- [ RunTime:0.001000s ]

[ 2017-04-19T15:17:45+08:00 ] 127.0.0.1 /index.php/Manage/Ajax/GetGradeClass
INFO: [ app_begin ] --START--
INFO: Run Behavior\ReadHtmlCacheBehavior [ RunTime:0.001000s ]
INFO: [ app_begin ] --END-- [ RunTime:0.002000s ]
SQL: SHOW COLUMNS FROM `edu_class` [ RunTime:0.0100s ]
SQL: SELECT `name`,`id` FROM `edu_class` WHERE ( grade='5' and schoolid=94 ) ORDER BY orderid asc  [ RunTime:0.0110s ]
INFO: [ app_end ] --START--
INFO: Run Behavior\ShowPageTraceBehavior [ RunTime:0.001000s ]
INFO: [ app_end ] --END-- [ RunTime:0.001000s ]

[ 2017-04-19T15:19:25+08:00 ] 127.0.0.1 /index.php/Manage/Ajax/GetGradeClass
INFO: [ app_begin ] --START--
INFO: Run Behavior\ReadHtmlCacheBehavior [ RunTime:0.001000s ]
INFO: [ app_begin ] --END-- [ RunTime:0.001000s ]
SQL: SHOW COLUMNS FROM `edu_class` [ RunTime:0.0130s ]
SQL: SELECT `name`,`id` FROM `edu_class` WHERE ( grade='2' and schoolid=94 ) ORDER BY orderid asc  [ RunTime:0.0110s ]
INFO: [ app_end ] --START--
INFO: Run Behavior\ShowPageTraceBehavior [ RunTime:0.000000s ]
INFO: [ app_end ] --END-- [ RunTime:0.000000s ]

[ 2017-04-19T15:19:30+08:00 ] 127.0.0.1 /index.php/Manage/Ajax/GetGradeClass
INFO: [ app_begin ] --START--
INFO: Run Behavior\ReadHtmlCacheBehavior [ RunTime:0.001000s ]
INFO: [ app_begin ] --END-- [ RunTime:0.001000s ]
SQL: SHOW COLUMNS FROM `edu_class` [ RunTime:0.0090s ]
SQL: SELECT `name`,`id` FROM `edu_class` WHERE ( grade='6' and schoolid=94 ) ORDER BY orderid asc  [ RunTime:0.0090s ]
INFO: [ app_end ] --START--
INFO: Run Behavior\ShowPageTraceBehavior [ RunTime:0.000000s ]
INFO: [ app_end ] --END-- [ RunTime:0.000000s ]

[ 2017-04-19T15:19:36+08:00 ] 127.0.0.1 /index.php/Manage/Ajax/GetGradeClass
INFO: [ app_begin ] --START--
INFO: Run Behavior\ReadHtmlCacheBehavior [ RunTime:0.001000s ]
INFO: [ app_begin ] --END-- [ RunTime:0.001000s ]
SQL: SHOW COLUMNS FROM `edu_class` [ RunTime:0.0100s ]
SQL: SELECT `name`,`id` FROM `edu_class` WHERE ( grade='4' and schoolid=94 ) ORDER BY orderid asc  [ RunTime:0.0090s ]
INFO: [ app_end ] --START--
INFO: Run Behavior\ShowPageTraceBehavior [ RunTime:0.001000s ]
INFO: [ app_end ] --END-- [ RunTime:0.001000s ]

[ 2017-04-19T15:19:42+08:00 ] 127.0.0.1 /index.php/Manage/Ajax/GetGradeClass
INFO: [ app_begin ] --START--
INFO: Run Behavior\ReadHtmlCacheBehavior [ RunTime:0.001000s ]
INFO: [ app_begin ] --END-- [ RunTime:0.001000s ]
SQL: SHOW COLUMNS FROM `edu_class` [ RunTime:0.0100s ]
SQL: SELECT `name`,`id` FROM `edu_class` WHERE ( grade='6' and schoolid=94 ) ORDER BY orderid asc  [ RunTime:0.0130s ]
INFO: [ app_end ] --START--
INFO: Run Behavior\ShowPageTraceBehavior [ RunTime:0.001000s ]
INFO: [ app_end ] --END-- [ RunTime:0.001000s ]

[ 2017-04-19T15:20:03+08:00 ] 127.0.0.1 /index.php/Manage/Ajax/GetGradeClass
INFO: [ app_begin ] --START--
INFO: Run Behavior\ReadHtmlCacheBehavior [ RunTime:0.000000s ]
INFO: [ app_begin ] --END-- [ RunTime:0.000000s ]
SQL: SHOW COLUMNS FROM `edu_class` [ RunTime:0.0110s ]
SQL: SELECT `name`,`id` FROM `edu_class` WHERE ( grade='4' and schoolid=94 ) ORDER BY orderid asc  [ RunTime:0.0100s ]
INFO: [ app_end ] --START--
INFO: Run Behavior\ShowPageTraceBehavior [ RunTime:0.000000s ]
INFO: [ app_end ] --END-- [ RunTime:0.001000s ]

[ 2017-04-19T15:20:29+08:00 ] 127.0.0.1 /index.php/Manage/Ajax/GetGradeClass
INFO: [ app_begin ] --START--
INFO: Run Behavior\ReadHtmlCacheBehavior [ RunTime:0.000000s ]
INFO: [ app_begin ] --END-- [ RunTime:0.001000s ]
SQL: SHOW COLUMNS FROM `edu_class` [ RunTime:0.0100s ]
SQL: SELECT `name`,`id` FROM `edu_class` WHERE ( grade='5' and schoolid=94 ) ORDER BY orderid asc  [ RunTime:0.0100s ]
INFO: [ app_end ] --START--
INFO: Run Behavior\ShowPageTraceBehavior [ RunTime:0.000000s ]
INFO: [ app_end ] --END-- [ RunTime:0.000000s ]

[ 2017-04-19T15:20:44+08:00 ] 127.0.0.1 /index.php/Manage/Ajax/GetGradeClass
INFO: [ app_begin ] --START--
INFO: Run Behavior\ReadHtmlCacheBehavior [ RunTime:0.000000s ]
INFO: [ app_begin ] --END-- [ RunTime:0.001000s ]
SQL: SHOW COLUMNS FROM `edu_class` [ RunTime:0.0110s ]
SQL: SELECT `name`,`id` FROM `edu_class` WHERE ( grade='5' and schoolid=94 ) ORDER BY orderid asc  [ RunTime:0.0090s ]
INFO: [ app_end ] --START--
INFO: Run Behavior\ShowPageTraceBehavior [ RunTime:0.000000s ]
INFO: [ app_end ] --END-- [ RunTime:0.000000s ]

[ 2017-04-19T15:21:11+08:00 ] 127.0.0.1 /index.php/Manage/Ajax/GetGradeClass
INFO: [ app_begin ] --START--
INFO: Run Behavior\ReadHtmlCacheBehavior [ RunTime:0.000000s ]
INFO: [ app_begin ] --END-- [ RunTime:0.001000s ]
SQL: SHOW COLUMNS FROM `edu_class` [ RunTime:0.0130s ]
SQL: SELECT `name`,`id` FROM `edu_class` WHERE ( grade='0' and schoolid=94 ) ORDER BY orderid asc  [ RunTime:0.0100s ]
INFO: [ app_end ] --START--
INFO: Run Behavior\ShowPageTraceBehavior [ RunTime:0.000000s ]
INFO: [ app_end ] --END-- [ RunTime:0.000000s ]

[ 2017-04-19T15:22:06+08:00 ] 127.0.0.1 /index.php/Manage/Ajax/GetGradeClass
INFO: [ app_begin ] --START--
INFO: Run Behavior\ReadHtmlCacheBehavior [ RunTime:0.001000s ]
INFO: [ app_begin ] --END-- [ RunTime:0.001000s ]
SQL: SHOW COLUMNS FROM `edu_class` [ RunTime:0.0100s ]
SQL: SELECT `name`,`id` FROM `edu_class` WHERE ( grade='5' and schoolid=94 ) ORDER BY orderid asc  [ RunTime:0.0090s ]
INFO: [ app_end ] --START--
INFO: Run Behavior\ShowPageTraceBehavior [ RunTime:0.001000s ]
INFO: [ app_end ] --END-- [ RunTime:0.001000s ]

