[ 2017-05-03T09:02:06+08:00 ] 127.0.0.1 /index.php/Manage/Ajax/Login
INFO: [ app_begin ] --START--
INFO: Run Behavior\ReadHtmlCacheBehavior [ RunTime:0.001000s ]
INFO: [ app_begin ] --END-- [ RunTime:0.002000s ]
SQL: SHOW COLUMNS FROM `edu_user` [ RunTime:0.0100s ]
SQL: SELECT `pwd`,`type`,`schoolid` FROM `edu_user` WHERE ( (account='liutong' or phone='liutong') and type=4 ) LIMIT 1   [ RunTime:0.0330s ]
INFO: [ app_end ] --START--
INFO: Run Behavior\ShowPageTraceBehavior [ RunTime:0.001000s ]
INFO: [ app_end ] --END-- [ RunTime:0.001000s ]

[ 2017-05-03T10:05:16+08:00 ] 127.0.0.1 /index.php/Manage/Ajax/GetLessonElement
INFO: [ app_begin ] --START--
INFO: Run Behavior\ReadHtmlCacheBehavior [ RunTime:0.001000s ]
INFO: [ app_begin ] --END-- [ RunTime:0.001000s ]
SQL: SHOW COLUMNS FROM `edu_lesson_record` [ RunTime:0.0140s ]
SQL: SELECT `uptime`,`result` FROM `edu_lesson_record` WHERE ( action='camera' and lessonid=11234 ) ORDER BY id desc  [ RunTime:0.0120s ]
INFO: [ app_end ] --START--
INFO: Run Behavior\ShowPageTraceBehavior [ RunTime:0.002000s ]
INFO: [ app_end ] --END-- [ RunTime:0.002000s ]

[ 2017-05-03T10:05:17+08:00 ] 127.0.0.1 /index.php/Manage/Ajax/GetLessonElement
INFO: [ app_begin ] --START--
INFO: Run Behavior\ReadHtmlCacheBehavior [ RunTime:0.001000s ]
INFO: [ app_begin ] --END-- [ RunTime:0.001000s ]
SQL: SHOW COLUMNS FROM `edu_lesson_record` [ RunTime:0.0110s ]
SQL: SELECT `id`,`uptime`,`result` FROM `edu_lesson_record` WHERE ( action='xiti' and lessonid=11234 ) ORDER BY id desc  [ RunTime:0.0100s ]
INFO: [ app_end ] --START--
INFO: Run Behavior\ShowPageTraceBehavior [ RunTime:0.002000s ]
INFO: [ app_end ] --END-- [ RunTime:0.002000s ]

[ 2017-05-03T10:05:19+08:00 ] 127.0.0.1 /index.php/Manage/Ajax/GetLessonElement
INFO: [ app_begin ] --START--
INFO: Run Behavior\ReadHtmlCacheBehavior [ RunTime:0.001000s ]
INFO: [ app_begin ] --END-- [ RunTime:0.002000s ]
SQL: SHOW COLUMNS FROM `edu_lesson_record` [ RunTime:0.0090s ]
SQL: SELECT `id`,`uptime`,`result` FROM `edu_lesson_record` WHERE ( action='handon' and lessonid=11234 ) ORDER BY id desc  [ RunTime:0.0140s ]
SQL: SHOW COLUMNS FROM `edu_user` [ RunTime:0.0090s ]
SQL: SELECT `name` FROM `edu_user` WHERE `id` = 5263 LIMIT 1   [ RunTime:0.0090s ]
SQL: SELECT `name` FROM `edu_user` WHERE `id` = 5252 LIMIT 1   [ RunTime:0.0100s ]
SQL: SELECT `name` FROM `edu_user` WHERE `id` = 5269 LIMIT 1   [ RunTime:0.0070s ]
SQL: SELECT `name` FROM `edu_user` WHERE `id` = 5273 LIMIT 1   [ RunTime:0.0070s ]
SQL: SELECT `name` FROM `edu_user` WHERE `id` = 5258 LIMIT 1   [ RunTime:0.0090s ]
SQL: SELECT `name` FROM `edu_user` WHERE `id` = 5244 LIMIT 1   [ RunTime:0.0100s ]
SQL: SELECT `name` FROM `edu_user` WHERE `id` = 5274 LIMIT 1   [ RunTime:0.0080s ]
SQL: SELECT `name` FROM `edu_user` WHERE `id` = 37 LIMIT 1   [ RunTime:0.0070s ]
SQL: SELECT `name` FROM `edu_user` WHERE `id` = 5275 LIMIT 1   [ RunTime:0.0100s ]
SQL: SELECT `name` FROM `edu_user` WHERE `id` = 5267 LIMIT 1   [ RunTime:0.0100s ]
SQL: SELECT `name` FROM `edu_user` WHERE `id` = 5242 LIMIT 1   [ RunTime:0.0080s ]
SQL: SELECT `name` FROM `edu_user` WHERE `id` = 5262 LIMIT 1   [ RunTime:0.0080s ]
SQL: SELECT `name` FROM `edu_user` WHERE `id` = 5243 LIMIT 1   [ RunTime:0.0100s ]
SQL: SELECT `name` FROM `edu_user` WHERE `id` = 5254 LIMIT 1   [ RunTime:0.0080s ]
SQL: SELECT `name` FROM `edu_user` WHERE `id` = 5249 LIMIT 1   [ RunTime:0.0110s ]
SQL: SELECT `name` FROM `edu_user` WHERE `id` = 5260 LIMIT 1   [ RunTime:0.0090s ]
SQL: SELECT `name` FROM `edu_user` WHERE `id` = 5257 LIMIT 1   [ RunTime:0.0090s ]
SQL: SELECT `name` FROM `edu_user` WHERE `id` = 5255 LIMIT 1   [ RunTime:0.0070s ]
SQL: SELECT `name` FROM `edu_user` WHERE `id` = 5245 LIMIT 1   [ RunTime:0.0070s ]
SQL: SELECT `name` FROM `edu_user` WHERE `id` = 5277 LIMIT 1   [ RunTime:0.0100s ]
SQL: SELECT `name` FROM `edu_user` WHERE `id` = 5270 LIMIT 1   [ RunTime:0.0100s ]
SQL: SELECT `name` FROM `edu_user` WHERE `id` = 5272 LIMIT 1   [ RunTime:0.0100s ]
SQL: SELECT `name` FROM `edu_user` WHERE `id` = 5256 LIMIT 1   [ RunTime:0.0120s ]
SQL: SELECT `name` FROM `edu_user` WHERE `id` = 5264 LIMIT 1   [ RunTime:0.0080s ]
SQL: SELECT `name` FROM `edu_user` WHERE `id` = 5276 LIMIT 1   [ RunTime:0.0070s ]
SQL: SELECT `name` FROM `edu_user` WHERE `id` = 5268 LIMIT 1   [ RunTime:0.0080s ]
SQL: SELECT `name` FROM `edu_user` WHERE `id` = 5279 LIMIT 1   [ RunTime:0.0110s ]
SQL: SELECT `name` FROM `edu_user` WHERE `id` = 5266 LIMIT 1   [ RunTime:0.0070s ]
SQL: SELECT `name` FROM `edu_user` WHERE `id` = 5253 LIMIT 1   [ RunTime:0.0070s ]
SQL: SELECT `name` FROM `edu_user` WHERE `id` = 5248 LIMIT 1   [ RunTime:0.0070s ]
SQL: SELECT `name` FROM `edu_user` WHERE `id` = 5250 LIMIT 1   [ RunTime:0.0090s ]
SQL: SELECT `name` FROM `edu_user` WHERE `id` = 5280 LIMIT 1   [ RunTime:0.0100s ]
SQL: SELECT `name` FROM `edu_user` WHERE `id` = 5272 LIMIT 1   [ RunTime:0.0080s ]
SQL: SELECT `name` FROM `edu_user` WHERE `id` = 5264 LIMIT 1   [ RunTime:0.0110s ]
SQL: SELECT `name` FROM `edu_user` WHERE `id` = 5276 LIMIT 1   [ RunTime:0.0080s ]
SQL: SELECT `name` FROM `edu_user` WHERE `id` = 5268 LIMIT 1   [ RunTime:0.0070s ]
SQL: SELECT `name` FROM `edu_user` WHERE `id` = 5261 LIMIT 1   [ RunTime:0.0110s ]
SQL: SELECT `name` FROM `edu_user` WHERE `id` = 5242 LIMIT 1   [ RunTime:0.0090s ]
SQL: SELECT `name` FROM `edu_user` WHERE `id` = 37 LIMIT 1   [ RunTime:0.0080s ]
SQL: SELECT `name` FROM `edu_user` WHERE `id` = 5266 LIMIT 1   [ RunTime:0.0080s ]
SQL: SELECT `name` FROM `edu_user` WHERE `id` = 5273 LIMIT 1   [ RunTime:0.0080s ]
SQL: SELECT `name` FROM `edu_user` WHERE `id` = 5274 LIMIT 1   [ RunTime:0.0100s ]
SQL: SELECT `name` FROM `edu_user` WHERE `id` = 5252 LIMIT 1   [ RunTime:0.0120s ]
SQL: SELECT `name` FROM `edu_user` WHERE `id` = 5267 LIMIT 1   [ RunTime:0.0090s ]
SQL: SELECT `name` FROM `edu_user` WHERE `id` = 5269 LIMIT 1   [ RunTime:0.0090s ]
SQL: SELECT `name` FROM `edu_user` WHERE `id` = 5258 LIMIT 1   [ RunTime:0.0090s ]
SQL: SELECT `name` FROM `edu_user` WHERE `id` = 0 LIMIT 1   [ RunTime:0.0090s ]
SQL: SELECT `name` FROM `edu_user` WHERE `id` = 5244 LIMIT 1   [ RunTime:0.0080s ]
SQL: SELECT `name` FROM `edu_user` WHERE `id` = 5267 LIMIT 1   [ RunTime:0.0160s ]
SQL: SELECT `name` FROM `edu_user` WHERE `id` = 5257 LIMIT 1   [ RunTime:0.0080s ]
SQL: SELECT `name` FROM `edu_user` WHERE `id` = 5245 LIMIT 1   [ RunTime:0.0070s ]
SQL: SELECT `name` FROM `edu_user` WHERE `id` = 5272 LIMIT 1   [ RunTime:0.0120s ]
SQL: SELECT `name` FROM `edu_user` WHERE `id` = 5267 LIMIT 1   [ RunTime:0.0080s ]
SQL: SELECT `name` FROM `edu_user` WHERE `id` = 5244 LIMIT 1   [ RunTime:0.0140s ]
SQL: SELECT `name` FROM `edu_user` WHERE `id` = 5242 LIMIT 1   [ RunTime:0.0080s ]
SQL: SELECT `name` FROM `edu_user` WHERE `id` = 37 LIMIT 1   [ RunTime:0.0090s ]
SQL: SELECT `name` FROM `edu_user` WHERE `id` = 5252 LIMIT 1   [ RunTime:0.0080s ]
SQL: SELECT `name` FROM `edu_user` WHERE `id` = 5273 LIMIT 1   [ RunTime:0.0100s ]
SQL: SELECT `name` FROM `edu_user` WHERE `id` = 5274 LIMIT 1   [ RunTime:0.0070s ]
SQL: SELECT `name` FROM `edu_user` WHERE `id` = 5262 LIMIT 1   [ RunTime:0.0100s ]
SQL: SELECT `name` FROM `edu_user` WHERE `id` = 5255 LIMIT 1   [ RunTime:0.0090s ]
SQL: SELECT `name` FROM `edu_user` WHERE `id` = 5254 LIMIT 1   [ RunTime:0.0110s ]
SQL: SELECT `name` FROM `edu_user` WHERE `id` = 5280 LIMIT 1   [ RunTime:0.0100s ]
SQL: SELECT `name` FROM `edu_user` WHERE `id` = 5265 LIMIT 1   [ RunTime:0.0130s ]
SQL: SELECT `name` FROM `edu_user` WHERE `id` = 5272 LIMIT 1   [ RunTime:0.0070s ]
SQL: SELECT `name` FROM `edu_user` WHERE `id` = 5270 LIMIT 1   [ RunTime:0.0090s ]
SQL: SELECT `name` FROM `edu_user` WHERE `id` = 5254 LIMIT 1   [ RunTime:0.0150s ]
SQL: SELECT `name` FROM `edu_user` WHERE `id` = 5276 LIMIT 1   [ RunTime:0.0100s ]
SQL: SELECT `name` FROM `edu_user` WHERE `id` = 5259 LIMIT 1   [ RunTime:0.0080s ]
SQL: SELECT `name` FROM `edu_user` WHERE `id` = 5248 LIMIT 1   [ RunTime:0.0080s ]
SQL: SELECT `name` FROM `edu_user` WHERE `id` = 5272 LIMIT 1   [ RunTime:0.0080s ]
SQL: SELECT `name` FROM `edu_user` WHERE `id` = 5246 LIMIT 1   [ RunTime:0.0090s ]
SQL: SELECT `name` FROM `edu_user` WHERE `id` = 5273 LIMIT 1   [ RunTime:0.0100s ]
SQL: SELECT `name` FROM `edu_user` WHERE `id` = 5242 LIMIT 1   [ RunTime:0.0080s ]
SQL: SELECT `name` FROM `edu_user` WHERE `id` = 5245 LIMIT 1   [ RunTime:0.0080s ]
SQL: SELECT `name` FROM `edu_user` WHERE `id` = 5243 LIMIT 1   [ RunTime:0.0080s ]
SQL: SELECT `name` FROM `edu_user` WHERE `id` = 5280 LIMIT 1   [ RunTime:0.0090s ]
SQL: SELECT `name` FROM `edu_user` WHERE `id` = 5255 LIMIT 1   [ RunTime:0.0100s ]
SQL: SELECT `name` FROM `edu_user` WHERE `id` = 5263 LIMIT 1   [ RunTime:0.0270s ]
SQL: SELECT `name` FROM `edu_user` WHERE `id` = 5275 LIMIT 1   [ RunTime:0.0110s ]
SQL: SELECT `name` FROM `edu_user` WHERE `id` = 5274 LIMIT 1   [ RunTime:0.0090s ]
SQL: SELECT `name` FROM `edu_user` WHERE `id` = 5269 LIMIT 1   [ RunTime:0.0100s ]
SQL: SELECT `name` FROM `edu_user` WHERE `id` = 5258 LIMIT 1   [ RunTime:0.0080s ]
SQL: SELECT `name` FROM `edu_user` WHERE `id` = 5266 LIMIT 1   [ RunTime:0.0080s ]
SQL: SELECT `name` FROM `edu_user` WHERE `id` = 5264 LIMIT 1   [ RunTime:0.0070s ]
SQL: SELECT `name` FROM `edu_user` WHERE `id` = 5267 LIMIT 1   [ RunTime:0.0080s ]
SQL: SELECT `name` FROM `edu_user` WHERE `id` = 5261 LIMIT 1   [ RunTime:0.0090s ]
SQL: SELECT `name` FROM `edu_user` WHERE `id` = 5257 LIMIT 1   [ RunTime:0.0080s ]
SQL: SELECT `name` FROM `edu_user` WHERE `id` = 5260 LIMIT 1   [ RunTime:0.0080s ]
SQL: SELECT `name` FROM `edu_user` WHERE `id` = 5253 LIMIT 1   [ RunTime:0.0080s ]
SQL: SELECT `name` FROM `edu_user` WHERE `id` = 5250 LIMIT 1   [ RunTime:0.0090s ]
SQL: SELECT `name` FROM `edu_user` WHERE `id` = 5277 LIMIT 1   [ RunTime:0.0110s ]
SQL: SELECT `name` FROM `edu_user` WHERE `id` = 37 LIMIT 1   [ RunTime:0.0100s ]
SQL: SELECT `name` FROM `edu_user` WHERE `id` = 5271 LIMIT 1   [ RunTime:0.0080s ]
SQL: SELECT `name` FROM `edu_user` WHERE `id` = 5256 LIMIT 1   [ RunTime:0.0090s ]
SQL: SELECT `name` FROM `edu_user` WHERE `id` = 5249 LIMIT 1   [ RunTime:0.0100s ]
SQL: SELECT `name` FROM `edu_user` WHERE `id` = 5268 LIMIT 1   [ RunTime:0.0080s ]
SQL: SELECT `name` FROM `edu_user` WHERE `id` = 5279 LIMIT 1   [ RunTime:0.0080s ]
SQL: SELECT `name` FROM `edu_user` WHERE `id` = 5263 LIMIT 1   [ RunTime:0.0100s ]
SQL: SELECT `name` FROM `edu_user` WHERE `id` = 5264 LIMIT 1   [ RunTime:0.0110s ]
SQL: SELECT `name` FROM `edu_user` WHERE `id` = 5248 LIMIT 1   [ RunTime:0.0510s ]
SQL: SELECT `name` FROM `edu_user` WHERE `id` = 5245 LIMIT 1   [ RunTime:0.0100s ]
SQL: SELECT `name` FROM `edu_user` WHERE `id` = 5273 LIMIT 1   [ RunTime:0.0100s ]
SQL: SELECT `name` FROM `edu_user` WHERE `id` = 5257 LIMIT 1   [ RunTime:0.0140s ]
SQL: SELECT `name` FROM `edu_user` WHERE `id` = 5268 LIMIT 1   [ RunTime:0.0470s ]
SQL: SELECT `name` FROM `edu_user` WHERE `id` = 0 LIMIT 1   [ RunTime:0.0140s ]
INFO: [ app_end ] --START--
INFO: Run Behavior\ShowPageTraceBehavior [ RunTime:0.001001s ]
INFO: [ app_end ] --END-- [ RunTime:0.001001s ]

[ 2017-05-03T10:05:21+08:00 ] 127.0.0.1 /index.php/Manage/Ajax/GetLessonElement
INFO: [ app_begin ] --START--
INFO: Run Behavior\ReadHtmlCacheBehavior [ RunTime:0.000000s ]
INFO: [ app_begin ] --END-- [ RunTime:0.001000s ]
SQL: SHOW COLUMNS FROM `edu_lesson_record` [ RunTime:0.0110s ]
SQL: SELECT `id`,`uptime`,`result` FROM `edu_lesson_record` WHERE ( action='fopen' and lessonid=11234 ) ORDER BY id desc  [ RunTime:0.0110s ]
INFO: [ app_end ] --START--
INFO: Run Behavior\ShowPageTraceBehavior [ RunTime:0.002001s ]
INFO: [ app_end ] --END-- [ RunTime:0.002001s ]

[ 2017-05-03T10:05:22+08:00 ] 127.0.0.1 /index.php/Manage/Ajax/GetLessonElement
INFO: [ app_begin ] --START--
INFO: Run Behavior\ReadHtmlCacheBehavior [ RunTime:0.000000s ]
INFO: [ app_begin ] --END-- [ RunTime:0.001000s ]
SQL: SHOW COLUMNS FROM `edu_lesson_record` [ RunTime:0.0120s ]
SQL: SELECT `id`,`uptime`,`result` FROM `edu_lesson_record` WHERE ( action='Draw' and lessonid=11234 ) ORDER BY id desc  [ RunTime:0.0110s ]
INFO: [ app_end ] --START--
INFO: Run Behavior\ShowPageTraceBehavior [ RunTime:0.001000s ]
INFO: [ app_end ] --END-- [ RunTime:0.001000s ]

[ 2017-05-03T10:05:23+08:00 ] 127.0.0.1 /index.php/Manage/Ajax/GetLessonElement
INFO: [ app_begin ] --START--
INFO: Run Behavior\ReadHtmlCacheBehavior [ RunTime:0.000000s ]
INFO: [ app_begin ] --END-- [ RunTime:0.001000s ]
SQL: SHOW COLUMNS FROM `edu_lesson_record` [ RunTime:0.0120s ]
SQL: SELECT `id`,`uptime`,`result` FROM `edu_lesson_record` WHERE ( action='fopen' and lessonid=11234 ) ORDER BY id desc  [ RunTime:0.0090s ]
INFO: [ app_end ] --START--
INFO: Run Behavior\ShowPageTraceBehavior [ RunTime:0.001000s ]
INFO: [ app_end ] --END-- [ RunTime:0.001000s ]

[ 2017-05-03T10:05:24+08:00 ] 127.0.0.1 /index.php/Manage/Ajax/GetLessonElement
INFO: [ app_begin ] --START--
INFO: Run Behavior\ReadHtmlCacheBehavior [ RunTime:0.001000s ]
INFO: [ app_begin ] --END-- [ RunTime:0.002000s ]
SQL: SHOW COLUMNS FROM `edu_lesson_record` [ RunTime:0.0110s ]
SQL: SELECT `id`,`uptime`,`result` FROM `edu_lesson_record` WHERE ( action='handon' and lessonid=11234 ) ORDER BY id desc  [ RunTime:0.0130s ]
SQL: SHOW COLUMNS FROM `edu_user` [ RunTime:0.0120s ]
SQL: SELECT `name` FROM `edu_user` WHERE `id` = 5263 LIMIT 1   [ RunTime:0.0100s ]
SQL: SELECT `name` FROM `edu_user` WHERE `id` = 5252 LIMIT 1   [ RunTime:0.0100s ]
SQL: SELECT `name` FROM `edu_user` WHERE `id` = 5269 LIMIT 1   [ RunTime:0.0120s ]
SQL: SELECT `name` FROM `edu_user` WHERE `id` = 5273 LIMIT 1   [ RunTime:0.0110s ]
SQL: SELECT `name` FROM `edu_user` WHERE `id` = 5258 LIMIT 1   [ RunTime:0.0090s ]
SQL: SELECT `name` FROM `edu_user` WHERE `id` = 5244 LIMIT 1   [ RunTime:0.0090s ]
SQL: SELECT `name` FROM `edu_user` WHERE `id` = 5274 LIMIT 1   [ RunTime:0.0110s ]
SQL: SELECT `name` FROM `edu_user` WHERE `id` = 37 LIMIT 1   [ RunTime:0.0090s ]
SQL: SELECT `name` FROM `edu_user` WHERE `id` = 5275 LIMIT 1   [ RunTime:0.0080s ]
SQL: SELECT `name` FROM `edu_user` WHERE `id` = 5267 LIMIT 1   [ RunTime:0.0120s ]
SQL: SELECT `name` FROM `edu_user` WHERE `id` = 5242 LIMIT 1   [ RunTime:0.0110s ]
SQL: SELECT `name` FROM `edu_user` WHERE `id` = 5262 LIMIT 1   [ RunTime:0.0110s ]
SQL: SELECT `name` FROM `edu_user` WHERE `id` = 5243 LIMIT 1   [ RunTime:0.0090s ]
SQL: SELECT `name` FROM `edu_user` WHERE `id` = 5254 LIMIT 1   [ RunTime:0.0100s ]
SQL: SELECT `name` FROM `edu_user` WHERE `id` = 5249 LIMIT 1   [ RunTime:0.0090s ]
SQL: SELECT `name` FROM `edu_user` WHERE `id` = 5260 LIMIT 1   [ RunTime:0.0090s ]
SQL: SELECT `name` FROM `edu_user` WHERE `id` = 5257 LIMIT 1   [ RunTime:0.0110s ]
SQL: SELECT `name` FROM `edu_user` WHERE `id` = 5255 LIMIT 1   [ RunTime:0.0100s ]
SQL: SELECT `name` FROM `edu_user` WHERE `id` = 5245 LIMIT 1   [ RunTime:0.0080s ]
SQL: SELECT `name` FROM `edu_user` WHERE `id` = 5277 LIMIT 1   [ RunTime:0.0100s ]
SQL: SELECT `name` FROM `edu_user` WHERE `id` = 5270 LIMIT 1   [ RunTime:0.0090s ]
SQL: SELECT `name` FROM `edu_user` WHERE `id` = 5272 LIMIT 1   [ RunTime:0.0090s ]
SQL: SELECT `name` FROM `edu_user` WHERE `id` = 5256 LIMIT 1   [ RunTime:0.0110s ]
SQL: SELECT `name` FROM `edu_user` WHERE `id` = 5264 LIMIT 1   [ RunTime:0.0110s ]
SQL: SELECT `name` FROM `edu_user` WHERE `id` = 5276 LIMIT 1   [ RunTime:0.0090s ]
SQL: SELECT `name` FROM `edu_user` WHERE `id` = 5268 LIMIT 1   [ RunTime:0.0100s ]
SQL: SELECT `name` FROM `edu_user` WHERE `id` = 5279 LIMIT 1   [ RunTime:0.0110s ]
SQL: SELECT `name` FROM `edu_user` WHERE `id` = 5266 LIMIT 1   [ RunTime:0.0080s ]
SQL: SELECT `name` FROM `edu_user` WHERE `id` = 5253 LIMIT 1   [ RunTime:0.0110s ]
SQL: SELECT `name` FROM `edu_user` WHERE `id` = 5248 LIMIT 1   [ RunTime:0.0100s ]
SQL: SELECT `name` FROM `edu_user` WHERE `id` = 5250 LIMIT 1   [ RunTime:0.0100s ]
SQL: SELECT `name` FROM `edu_user` WHERE `id` = 5280 LIMIT 1   [ RunTime:0.0100s ]
SQL: SELECT `name` FROM `edu_user` WHERE `id` = 5272 LIMIT 1   [ RunTime:0.0090s ]
SQL: SELECT `name` FROM `edu_user` WHERE `id` = 5264 LIMIT 1   [ RunTime:0.0110s ]
SQL: SELECT `name` FROM `edu_user` WHERE `id` = 5276 LIMIT 1   [ RunTime:0.0100s ]
SQL: SELECT `name` FROM `edu_user` WHERE `id` = 5268 LIMIT 1   [ RunTime:0.0120s ]
SQL: SELECT `name` FROM `edu_user` WHERE `id` = 5261 LIMIT 1   [ RunTime:0.0120s ]
SQL: SELECT `name` FROM `edu_user` WHERE `id` = 5242 LIMIT 1   [ RunTime:0.0100s ]
SQL: SELECT `name` FROM `edu_user` WHERE `id` = 37 LIMIT 1   [ RunTime:0.0090s ]
SQL: SELECT `name` FROM `edu_user` WHERE `id` = 5266 LIMIT 1   [ RunTime:0.0090s ]
SQL: SELECT `name` FROM `edu_user` WHERE `id` = 5273 LIMIT 1   [ RunTime:0.0090s ]
SQL: SELECT `name` FROM `edu_user` WHERE `id` = 5274 LIMIT 1   [ RunTime:0.0100s ]
SQL: SELECT `name` FROM `edu_user` WHERE `id` = 5252 LIMIT 1   [ RunTime:0.0090s ]
SQL: SELECT `name` FROM `edu_user` WHERE `id` = 5267 LIMIT 1   [ RunTime:0.0100s ]
SQL: SELECT `name` FROM `edu_user` WHERE `id` = 5269 LIMIT 1   [ RunTime:0.0080s ]
SQL: SELECT `name` FROM `edu_user` WHERE `id` = 5258 LIMIT 1   [ RunTime:0.0090s ]
SQL: SELECT `name` FROM `edu_user` WHERE `id` = 0 LIMIT 1   [ RunTime:0.0110s ]
SQL: SELECT `name` FROM `edu_user` WHERE `id` = 5244 LIMIT 1   [ RunTime:0.0080s ]
SQL: SELECT `name` FROM `edu_user` WHERE `id` = 5267 LIMIT 1   [ RunTime:0.0080s ]
SQL: SELECT `name` FROM `edu_user` WHERE `id` = 5257 LIMIT 1   [ RunTime:0.0100s ]
SQL: SELECT `name` FROM `edu_user` WHERE `id` = 5245 LIMIT 1   [ RunTime:0.0110s ]
SQL: SELECT `name` FROM `edu_user` WHERE `id` = 5272 LIMIT 1   [ RunTime:0.0100s ]
SQL: SELECT `name` FROM `edu_user` WHERE `id` = 5267 LIMIT 1   [ RunTime:0.0090s ]
SQL: SELECT `name` FROM `edu_user` WHERE `id` = 5244 LIMIT 1   [ RunTime:0.0110s ]
SQL: SELECT `name` FROM `edu_user` WHERE `id` = 5242 LIMIT 1   [ RunTime:0.0090s ]
SQL: SELECT `name` FROM `edu_user` WHERE `id` = 37 LIMIT 1   [ RunTime:0.0090s ]
SQL: SELECT `name` FROM `edu_user` WHERE `id` = 5252 LIMIT 1   [ RunTime:0.0100s ]
SQL: SELECT `name` FROM `edu_user` WHERE `id` = 5273 LIMIT 1   [ RunTime:0.0090s ]
SQL: SELECT `name` FROM `edu_user` WHERE `id` = 5274 LIMIT 1   [ RunTime:0.0100s ]
SQL: SELECT `name` FROM `edu_user` WHERE `id` = 5262 LIMIT 1   [ RunTime:0.0110s ]
SQL: SELECT `name` FROM `edu_user` WHERE `id` = 5255 LIMIT 1   [ RunTime:0.0110s ]
SQL: SELECT `name` FROM `edu_user` WHERE `id` = 5254 LIMIT 1   [ RunTime:0.0110s ]
SQL: SELECT `name` FROM `edu_user` WHERE `id` = 5280 LIMIT 1   [ RunTime:0.0090s ]
SQL: SELECT `name` FROM `edu_user` WHERE `id` = 5265 LIMIT 1   [ RunTime:0.0120s ]
SQL: SELECT `name` FROM `edu_user` WHERE `id` = 5272 LIMIT 1   [ RunTime:0.0080s ]
SQL: SELECT `name` FROM `edu_user` WHERE `id` = 5270 LIMIT 1   [ RunTime:0.0110s ]
SQL: SELECT `name` FROM `edu_user` WHERE `id` = 5254 LIMIT 1   [ RunTime:0.0100s ]
SQL: SELECT `name` FROM `edu_user` WHERE `id` = 5276 LIMIT 1   [ RunTime:0.0120s ]
SQL: SELECT `name` FROM `edu_user` WHERE `id` = 5259 LIMIT 1   [ RunTime:0.0090s ]
SQL: SELECT `name` FROM `edu_user` WHERE `id` = 5248 LIMIT 1   [ RunTime:0.0080s ]
SQL: SELECT `name` FROM `edu_user` WHERE `id` = 5272 LIMIT 1   [ RunTime:0.0080s ]
SQL: SELECT `name` FROM `edu_user` WHERE `id` = 5246 LIMIT 1   [ RunTime:0.0100s ]
SQL: SELECT `name` FROM `edu_user` WHERE `id` = 5273 LIMIT 1   [ RunTime:0.0090s ]
SQL: SELECT `name` FROM `edu_user` WHERE `id` = 5242 LIMIT 1   [ RunTime:0.0110s ]
SQL: SELECT `name` FROM `edu_user` WHERE `id` = 5245 LIMIT 1   [ RunTime:0.0120s ]
SQL: SELECT `name` FROM `edu_user` WHERE `id` = 5243 LIMIT 1   [ RunTime:0.0080s ]
SQL: SELECT `name` FROM `edu_user` WHERE `id` = 5280 LIMIT 1   [ RunTime:0.0120s ]
SQL: SELECT `name` FROM `edu_user` WHERE `id` = 5255 LIMIT 1   [ RunTime:0.0090s ]
SQL: SELECT `name` FROM `edu_user` WHERE `id` = 5263 LIMIT 1   [ RunTime:0.0090s ]
SQL: SELECT `name` FROM `edu_user` WHERE `id` = 5275 LIMIT 1   [ RunTime:0.0090s ]
SQL: SELECT `name` FROM `edu_user` WHERE `id` = 5274 LIMIT 1   [ RunTime:0.0090s ]
SQL: SELECT `name` FROM `edu_user` WHERE `id` = 5269 LIMIT 1   [ RunTime:0.0090s ]
SQL: SELECT `name` FROM `edu_user` WHERE `id` = 5258 LIMIT 1   [ RunTime:0.0090s ]
SQL: SELECT `name` FROM `edu_user` WHERE `id` = 5266 LIMIT 1   [ RunTime:0.0120s ]
SQL: SELECT `name` FROM `edu_user` WHERE `id` = 5264 LIMIT 1   [ RunTime:0.0090s ]
SQL: SELECT `name` FROM `edu_user` WHERE `id` = 5267 LIMIT 1   [ RunTime:0.0100s ]
SQL: SELECT `name` FROM `edu_user` WHERE `id` = 5261 LIMIT 1   [ RunTime:0.0120s ]
SQL: SELECT `name` FROM `edu_user` WHERE `id` = 5257 LIMIT 1   [ RunTime:0.0100s ]
SQL: SELECT `name` FROM `edu_user` WHERE `id` = 5260 LIMIT 1   [ RunTime:0.0080s ]
SQL: SELECT `name` FROM `edu_user` WHERE `id` = 5253 LIMIT 1   [ RunTime:0.0090s ]
SQL: SELECT `name` FROM `edu_user` WHERE `id` = 5250 LIMIT 1   [ RunTime:0.0090s ]
SQL: SELECT `name` FROM `edu_user` WHERE `id` = 5277 LIMIT 1   [ RunTime:0.0100s ]
SQL: SELECT `name` FROM `edu_user` WHERE `id` = 37 LIMIT 1   [ RunTime:0.0090s ]
SQL: SELECT `name` FROM `edu_user` WHERE `id` = 5271 LIMIT 1   [ RunTime:0.0090s ]
SQL: SELECT `name` FROM `edu_user` WHERE `id` = 5256 LIMIT 1   [ RunTime:0.0100s ]
SQL: SELECT `name` FROM `edu_user` WHERE `id` = 5249 LIMIT 1   [ RunTime:0.0140s ]
SQL: SELECT `name` FROM `edu_user` WHERE `id` = 5268 LIMIT 1   [ RunTime:0.0120s ]
SQL: SELECT `name` FROM `edu_user` WHERE `id` = 5279 LIMIT 1   [ RunTime:0.0090s ]
SQL: SELECT `name` FROM `edu_user` WHERE `id` = 5263 LIMIT 1   [ RunTime:0.0100s ]
SQL: SELECT `name` FROM `edu_user` WHERE `id` = 5264 LIMIT 1   [ RunTime:0.0090s ]
SQL: SELECT `name` FROM `edu_user` WHERE `id` = 5248 LIMIT 1   [ RunTime:0.0090s ]
SQL: SELECT `name` FROM `edu_user` WHERE `id` = 5245 LIMIT 1   [ RunTime:0.0100s ]
SQL: SELECT `name` FROM `edu_user` WHERE `id` = 5273 LIMIT 1   [ RunTime:0.0120s ]
SQL: SELECT `name` FROM `edu_user` WHERE `id` = 5257 LIMIT 1   [ RunTime:0.0150s ]
SQL: SELECT `name` FROM `edu_user` WHERE `id` = 5268 LIMIT 1   [ RunTime:0.0090s ]
SQL: SELECT `name` FROM `edu_user` WHERE `id` = 0 LIMIT 1   [ RunTime:0.0100s ]
INFO: [ app_end ] --START--
INFO: Run Behavior\ShowPageTraceBehavior [ RunTime:0.001000s ]
INFO: [ app_end ] --END-- [ RunTime:0.001000s ]

[ 2017-05-03T19:29:33+08:00 ] 127.0.0.1 /index.php/Manage/Ajax/Login
INFO: [ app_begin ] --START--
INFO: Run Behavior\ReadHtmlCacheBehavior [ RunTime:0.000000s ]
INFO: [ app_begin ] --END-- [ RunTime:0.000000s ]
SQL: SHOW COLUMNS FROM `edu_user` [ RunTime:0.0120s ]
SQL: SELECT `pwd`,`type`,`schoolid` FROM `edu_user` WHERE ( (account='liutong' or phone='liutong') and type=4 ) LIMIT 1   [ RunTime:0.0080s ]
INFO: [ app_end ] --START--
INFO: Run Behavior\ShowPageTraceBehavior [ RunTime:0.001000s ]
INFO: [ app_end ] --END-- [ RunTime:0.001000s ]

[ 2017-05-03T19:33:45+08:00 ] 127.0.0.1 /index.php/Manage/Ajax/GetGradeClass
INFO: [ app_begin ] --START--
INFO: Run Behavior\ReadHtmlCacheBehavior [ RunTime:0.000000s ]
INFO: [ app_begin ] --END-- [ RunTime:0.000000s ]
SQL: SHOW COLUMNS FROM `edu_class` [ RunTime:0.0100s ]
SQL: SELECT `name`,`id` FROM `edu_class` WHERE ( grade='3' and schoolid=94 ) ORDER BY orderid asc  [ RunTime:0.0100s ]
INFO: [ app_end ] --START--
INFO: Run Behavior\ShowPageTraceBehavior [ RunTime:0.000000s ]
INFO: [ app_end ] --END-- [ RunTime:0.000000s ]

[ 2017-05-03T19:38:42+08:00 ] 127.0.0.1 /index.php/Manage/Index/examManage/schoolid/94
ERR: SQLSTATE[HY000] [2002] 由于连接方在一段时间后没有正确答复或连接的主机没有反应，连接尝试失败。


