[ 2017-06-01T15:40:26+08:00 ] 127.0.0.1 /index.php/Manage/Ajax/Login
INFO: [ app_begin ] --START--
INFO: Run Behavior\ReadHtmlCacheBehavior [ RunTime:0.001000s ]
INFO: [ app_begin ] --END-- [ RunTime:0.002001s ]
SQL: SHOW COLUMNS FROM `edu_user` [ RunTime:0.0530s ]
SQL: SELECT `pwd`,`type`,`schoolid` FROM `edu_user` WHERE ( (account='liutong' or phone='liutong') and type=4 ) LIMIT 1   [ RunTime:0.0120s ]
INFO: [ app_end ] --START--
INFO: Run Behavior\ShowPageTraceBehavior [ RunTime:0.002000s ]
INFO: [ app_end ] --END-- [ RunTime:0.002000s ]

[ 2017-06-01T15:42:09+08:00 ] 127.0.0.1 /index.php/Manage/Ajax/GetGradeClass
INFO: [ app_begin ] --START--
INFO: Run Behavior\ReadHtmlCacheBehavior [ RunTime:0.001000s ]
INFO: [ app_begin ] --END-- [ RunTime:0.001000s ]
SQL: SHOW COLUMNS FROM `edu_class` [ RunTime:0.0110s ]
SQL: SELECT `name`,`id` FROM `edu_class` WHERE ( grade='6' and schoolid=94 ) ORDER BY orderid asc  [ RunTime:0.0110s ]
INFO: [ app_end ] --START--
INFO: Run Behavior\ShowPageTraceBehavior [ RunTime:0.002000s ]
INFO: [ app_end ] --END-- [ RunTime:0.002000s ]

[ 2017-06-01T16:52:45+08:00 ] 127.0.0.1 /index.php/Manage/Ajax/GetGradeClass
INFO: [ app_begin ] --START--
INFO: Run Behavior\ReadHtmlCacheBehavior [ RunTime:0.001000s ]
INFO: [ app_begin ] --END-- [ RunTime:0.001000s ]
SQL: SHOW COLUMNS FROM `edu_class` [ RunTime:0.0100s ]
SQL: SELECT `name`,`id` FROM `edu_class` WHERE ( grade='6' and schoolid=94 ) ORDER BY orderid asc  [ RunTime:0.0120s ]
INFO: [ app_end ] --START--
INFO: Run Behavior\ShowPageTraceBehavior [ RunTime:0.000000s ]
INFO: [ app_end ] --END-- [ RunTime:0.000000s ]

[ 2017-06-01T16:53:32+08:00 ] 127.0.0.1 /index.php/Manage/Ajax/GetGradeClass
INFO: [ app_begin ] --START--
INFO: Run Behavior\ReadHtmlCacheBehavior [ RunTime:0.001000s ]
INFO: [ app_begin ] --END-- [ RunTime:0.001000s ]
SQL: SHOW COLUMNS FROM `edu_class` [ RunTime:0.0160s ]
SQL: SELECT `name`,`id` FROM `edu_class` WHERE ( grade='6' and schoolid=94 ) ORDER BY orderid asc  [ RunTime:0.0170s ]
INFO: [ app_end ] --START--
INFO: Run Behavior\ShowPageTraceBehavior [ RunTime:0.001000s ]
INFO: [ app_end ] --END-- [ RunTime:0.001000s ]

[ 2017-06-01T17:06:15+08:00 ] 127.0.0.1 /index.php/Manage/Ajax/GetGradeClass
INFO: [ app_begin ] --START--
INFO: Run Behavior\ReadHtmlCacheBehavior [ RunTime:0.001000s ]
INFO: [ app_begin ] --END-- [ RunTime:0.001000s ]
SQL: SHOW COLUMNS FROM `edu_class` [ RunTime:0.0120s ]
SQL: SELECT `name`,`id` FROM `edu_class` WHERE ( grade='6' and schoolid=94 ) ORDER BY orderid asc  [ RunTime:0.0210s ]
INFO: [ app_end ] --START--
INFO: Run Behavior\ShowPageTraceBehavior [ RunTime:0.001000s ]
INFO: [ app_end ] --END-- [ RunTime:0.001000s ]

[ 2017-06-01T17:07:34+08:00 ] 127.0.0.1 /index.php/Manage/Ajax/GetGradeClass
INFO: [ app_begin ] --START--
INFO: Run Behavior\ReadHtmlCacheBehavior [ RunTime:0.001000s ]
INFO: [ app_begin ] --END-- [ RunTime:0.002000s ]
SQL: SHOW COLUMNS FROM `edu_class` [ RunTime:0.0110s ]
SQL: SELECT `name`,`id` FROM `edu_class` WHERE ( grade='6' and schoolid=94 ) ORDER BY orderid asc  [ RunTime:0.0090s ]
INFO: [ app_end ] --START--
INFO: Run Behavior\ShowPageTraceBehavior [ RunTime:0.000000s ]
INFO: [ app_end ] --END-- [ RunTime:0.000000s ]

[ 2017-06-01T17:16:51+08:00 ] 127.0.0.1 /index.php/Manage/Ajax/GetGradeClass
INFO: [ app_begin ] --START--
INFO: Run Behavior\ReadHtmlCacheBehavior [ RunTime:0.001000s ]
INFO: [ app_begin ] --END-- [ RunTime:0.001000s ]
SQL: SHOW COLUMNS FROM `edu_class` [ RunTime:0.0130s ]
SQL: SELECT `name`,`id` FROM `edu_class` WHERE ( grade='5' and schoolid=94 ) ORDER BY orderid asc  [ RunTime:0.0120s ]
INFO: [ app_end ] --START--
INFO: Run Behavior\ShowPageTraceBehavior [ RunTime:0.001000s ]
INFO: [ app_end ] --END-- [ RunTime:0.001000s ]

[ 2017-06-01T17:17:23+08:00 ] 127.0.0.1 /index.php/Manage/Ajax/GetGradeClass
INFO: [ app_begin ] --START--
INFO: Run Behavior\ReadHtmlCacheBehavior [ RunTime:0.000000s ]
INFO: [ app_begin ] --END-- [ RunTime:0.001000s ]
SQL: SHOW COLUMNS FROM `edu_class` [ RunTime:0.0100s ]
SQL: SELECT `name`,`id` FROM `edu_class` WHERE ( grade='6' and schoolid=94 ) ORDER BY orderid asc  [ RunTime:0.0090s ]
INFO: [ app_end ] --START--
INFO: Run Behavior\ShowPageTraceBehavior [ RunTime:0.000000s ]
INFO: [ app_end ] --END-- [ RunTime:0.000000s ]

[ 2017-06-01T17:18:45+08:00 ] 127.0.0.1 /index.php/Manage/Ajax/GetGradeClass
INFO: [ app_begin ] --START--
INFO: Run Behavior\ReadHtmlCacheBehavior [ RunTime:0.000000s ]
INFO: [ app_begin ] --END-- [ RunTime:0.002000s ]
SQL: SHOW COLUMNS FROM `edu_class` [ RunTime:0.0100s ]
SQL: SELECT `name`,`id` FROM `edu_class` WHERE ( grade='5' and schoolid=94 ) ORDER BY orderid asc  [ RunTime:0.0140s ]
INFO: [ app_end ] --START--
INFO: Run Behavior\ShowPageTraceBehavior [ RunTime:0.001000s ]
INFO: [ app_end ] --END-- [ RunTime:0.001000s ]

[ 2017-06-01T17:19:29+08:00 ] 127.0.0.1 /index.php/Manage/Ajax/OutLogin
INFO: [ app_begin ] --START--
INFO: Run Behavior\ReadHtmlCacheBehavior [ RunTime:0.000000s ]
INFO: [ app_begin ] --END-- [ RunTime:0.000000s ]
INFO: [ app_end ] --START--
INFO: Run Behavior\ShowPageTraceBehavior [ RunTime:0.001000s ]
INFO: [ app_end ] --END-- [ RunTime:0.001000s ]

[ 2017-06-01T17:19:36+08:00 ] 127.0.0.1 /index.php/Manage/Ajax/Login
INFO: [ app_begin ] --START--
INFO: Run Behavior\ReadHtmlCacheBehavior [ RunTime:0.001000s ]
INFO: [ app_begin ] --END-- [ RunTime:0.002000s ]
SQL: SHOW COLUMNS FROM `edu_user` [ RunTime:0.0100s ]
SQL: SELECT `pwd`,`type`,`schoolid` FROM `edu_user` WHERE ( (account='fuxue' or phone='fuxue') and type=4 ) LIMIT 1   [ RunTime:0.0080s ]
INFO: [ app_end ] --START--
INFO: Run Behavior\ShowPageTraceBehavior [ RunTime:0.001000s ]
INFO: [ app_end ] --END-- [ RunTime:0.001000s ]

[ 2017-06-01T17:19:43+08:00 ] 127.0.0.1 /index.php/Manage/Ajax/GetGradeClass
INFO: [ app_begin ] --START--
INFO: Run Behavior\ReadHtmlCacheBehavior [ RunTime:0.000000s ]
INFO: [ app_begin ] --END-- [ RunTime:0.001000s ]
SQL: SHOW COLUMNS FROM `edu_class` [ RunTime:0.0110s ]
SQL: SELECT `name`,`id` FROM `edu_class` WHERE ( grade='6' and schoolid=105 ) ORDER BY orderid asc  [ RunTime:0.0120s ]
INFO: [ app_end ] --START--
INFO: Run Behavior\ShowPageTraceBehavior [ RunTime:0.001000s ]
INFO: [ app_end ] --END-- [ RunTime:0.001000s ]

[ 2017-06-01T17:19:53+08:00 ] 127.0.0.1 /index.php/Manage/Ajax/GetGradeClass
INFO: [ app_begin ] --START--
INFO: Run Behavior\ReadHtmlCacheBehavior [ RunTime:0.000000s ]
INFO: [ app_begin ] --END-- [ RunTime:0.001000s ]
SQL: SHOW COLUMNS FROM `edu_class` [ RunTime:0.0120s ]
SQL: SELECT `name`,`id` FROM `edu_class` WHERE ( grade='5' and schoolid=105 ) ORDER BY orderid asc  [ RunTime:0.0080s ]
INFO: [ app_end ] --START--
INFO: Run Behavior\ShowPageTraceBehavior [ RunTime:0.001000s ]
INFO: [ app_end ] --END-- [ RunTime:0.001000s ]

[ 2017-06-01T17:20:35+08:00 ] 127.0.0.1 /index.php/Manage/Ajax/GetGradeClass
INFO: [ app_begin ] --START--
INFO: Run Behavior\ReadHtmlCacheBehavior [ RunTime:0.001001s ]
INFO: [ app_begin ] --END-- [ RunTime:0.002001s ]
SQL: SHOW COLUMNS FROM `edu_class` [ RunTime:0.0100s ]
SQL: SELECT `name`,`id` FROM `edu_class` WHERE ( grade='4' and schoolid=105 ) ORDER BY orderid asc  [ RunTime:0.0130s ]
INFO: [ app_end ] --START--
INFO: Run Behavior\ShowPageTraceBehavior [ RunTime:0.001000s ]
INFO: [ app_end ] --END-- [ RunTime:0.001000s ]

[ 2017-06-01T17:20:39+08:00 ] 127.0.0.1 /index.php/Manage/Ajax/GetGradeClass
INFO: [ app_begin ] --START--
INFO: Run Behavior\ReadHtmlCacheBehavior [ RunTime:0.002000s ]
INFO: [ app_begin ] --END-- [ RunTime:0.003000s ]
SQL: SHOW COLUMNS FROM `edu_class` [ RunTime:0.0100s ]
SQL: SELECT `name`,`id` FROM `edu_class` WHERE ( grade='3' and schoolid=105 ) ORDER BY orderid asc  [ RunTime:0.0090s ]
INFO: [ app_end ] --START--
INFO: Run Behavior\ShowPageTraceBehavior [ RunTime:0.001001s ]
INFO: [ app_end ] --END-- [ RunTime:0.001001s ]

[ 2017-06-01T17:20:47+08:00 ] 127.0.0.1 /index.php/Manage/Ajax/GetGradeClass
INFO: [ app_begin ] --START--
INFO: Run Behavior\ReadHtmlCacheBehavior [ RunTime:0.000000s ]
INFO: [ app_begin ] --END-- [ RunTime:0.001000s ]
SQL: SHOW COLUMNS FROM `edu_class` [ RunTime:0.0110s ]
SQL: SELECT `name`,`id` FROM `edu_class` WHERE ( grade='1' and schoolid=105 ) ORDER BY orderid asc  [ RunTime:0.0090s ]
INFO: [ app_end ] --START--
INFO: Run Behavior\ShowPageTraceBehavior [ RunTime:0.001000s ]
INFO: [ app_end ] --END-- [ RunTime:0.001000s ]

[ 2017-06-01T17:20:52+08:00 ] 127.0.0.1 /index.php/Manage/Ajax/GetGradeClass
INFO: [ app_begin ] --START--
INFO: Run Behavior\ReadHtmlCacheBehavior [ RunTime:0.002000s ]
INFO: [ app_begin ] --END-- [ RunTime:0.002000s ]
SQL: SHOW COLUMNS FROM `edu_class` [ RunTime:0.0100s ]
SQL: SELECT `name`,`id` FROM `edu_class` WHERE ( grade='5' and schoolid=105 ) ORDER BY orderid asc  [ RunTime:0.0080s ]
INFO: [ app_end ] --START--
INFO: Run Behavior\ShowPageTraceBehavior [ RunTime:0.001000s ]
INFO: [ app_end ] --END-- [ RunTime:0.001000s ]

[ 2017-06-01T17:20:57+08:00 ] 127.0.0.1 /index.php/Manage/Ajax/GetGradeClass
INFO: [ app_begin ] --START--
INFO: Run Behavior\ReadHtmlCacheBehavior [ RunTime:0.000000s ]
INFO: [ app_begin ] --END-- [ RunTime:0.001000s ]
SQL: SHOW COLUMNS FROM `edu_class` [ RunTime:0.0100s ]
SQL: SELECT `name`,`id` FROM `edu_class` WHERE ( grade='6' and schoolid=105 ) ORDER BY orderid asc  [ RunTime:0.0090s ]
INFO: [ app_end ] --START--
INFO: Run Behavior\ShowPageTraceBehavior [ RunTime:0.000000s ]
INFO: [ app_end ] --END-- [ RunTime:0.000000s ]

[ 2017-06-01T17:21:04+08:00 ] 127.0.0.1 /index.php/Manage/Ajax/OutLogin
INFO: [ app_begin ] --START--
INFO: Run Behavior\ReadHtmlCacheBehavior [ RunTime:0.001000s ]
INFO: [ app_begin ] --END-- [ RunTime:0.001000s ]
INFO: [ app_end ] --START--
INFO: Run Behavior\ShowPageTraceBehavior [ RunTime:0.001000s ]
INFO: [ app_end ] --END-- [ RunTime:0.001000s ]

[ 2017-06-01T17:22:00+08:00 ] 127.0.0.1 /index.php/Manage/Ajax/Login
INFO: [ app_begin ] --START--
INFO: Run Behavior\ReadHtmlCacheBehavior [ RunTime:0.001000s ]
INFO: [ app_begin ] --END-- [ RunTime:0.002000s ]
SQL: SHOW COLUMNS FROM `edu_user` [ RunTime:0.0130s ]
SQL: SELECT `pwd`,`type`,`schoolid` FROM `edu_user` WHERE ( (account='xagxyz' or phone='xagxyz') and type=4 ) LIMIT 1   [ RunTime:0.0110s ]
INFO: [ app_end ] --START--
INFO: Run Behavior\ShowPageTraceBehavior [ RunTime:0.002000s ]
INFO: [ app_end ] --END-- [ RunTime:0.002000s ]

[ 2017-06-01T17:22:10+08:00 ] 127.0.0.1 /index.php/Manage/Ajax/GetGradeClass
INFO: [ app_begin ] --START--
INFO: Run Behavior\ReadHtmlCacheBehavior [ RunTime:0.000000s ]
INFO: [ app_begin ] --END-- [ RunTime:0.001000s ]
SQL: SHOW COLUMNS FROM `edu_class` [ RunTime:0.0100s ]
SQL: SELECT `name`,`id` FROM `edu_class` WHERE ( grade='7' and schoolid=106 ) ORDER BY orderid asc  [ RunTime:0.0100s ]
INFO: [ app_end ] --START--
INFO: Run Behavior\ShowPageTraceBehavior [ RunTime:0.000000s ]
INFO: [ app_end ] --END-- [ RunTime:0.000000s ]

[ 2017-06-01T17:22:17+08:00 ] 127.0.0.1 /index.php/Manage/Ajax/GetGradeClass
INFO: [ app_begin ] --START--
INFO: Run Behavior\ReadHtmlCacheBehavior [ RunTime:0.000000s ]
INFO: [ app_begin ] --END-- [ RunTime:0.000000s ]
SQL: SHOW COLUMNS FROM `edu_class` [ RunTime:0.0110s ]
SQL: SELECT `name`,`id` FROM `edu_class` WHERE ( grade='8' and schoolid=106 ) ORDER BY orderid asc  [ RunTime:0.0100s ]
INFO: [ app_end ] --START--
INFO: Run Behavior\ShowPageTraceBehavior [ RunTime:0.000000s ]
INFO: [ app_end ] --END-- [ RunTime:0.000000s ]

[ 2017-06-01T17:22:23+08:00 ] 127.0.0.1 /index.php/Manage/Ajax/GetGradeClass
INFO: [ app_begin ] --START--
INFO: Run Behavior\ReadHtmlCacheBehavior [ RunTime:0.001000s ]
INFO: [ app_begin ] --END-- [ RunTime:0.001000s ]
SQL: SHOW COLUMNS FROM `edu_class` [ RunTime:0.0120s ]
SQL: SELECT `name`,`id` FROM `edu_class` WHERE ( grade='9' and schoolid=106 ) ORDER BY orderid asc  [ RunTime:0.0100s ]
INFO: [ app_end ] --START--
INFO: Run Behavior\ShowPageTraceBehavior [ RunTime:0.001000s ]
INFO: [ app_end ] --END-- [ RunTime:0.001000s ]

[ 2017-06-01T17:22:30+08:00 ] 127.0.0.1 /index.php/Manage/Ajax/GetGradeClass
INFO: [ app_begin ] --START--
INFO: Run Behavior\ReadHtmlCacheBehavior [ RunTime:0.002000s ]
INFO: [ app_begin ] --END-- [ RunTime:0.003000s ]
SQL: SHOW COLUMNS FROM `edu_class` [ RunTime:0.0110s ]
SQL: SELECT `name`,`id` FROM `edu_class` WHERE ( grade='7' and schoolid=106 ) ORDER BY orderid asc  [ RunTime:0.0140s ]
INFO: [ app_end ] --START--
INFO: Run Behavior\ShowPageTraceBehavior [ RunTime:0.001000s ]
INFO: [ app_end ] --END-- [ RunTime:0.001000s ]

[ 2017-06-01T17:23:32+08:00 ] 127.0.0.1 /index.php/Manage/Ajax/GetGradeClass
INFO: [ app_begin ] --START--
INFO: Run Behavior\ReadHtmlCacheBehavior [ RunTime:0.001000s ]
INFO: [ app_begin ] --END-- [ RunTime:0.001000s ]
SQL: SHOW COLUMNS FROM `edu_class` [ RunTime:0.0140s ]
SQL: SELECT `name`,`id` FROM `edu_class` WHERE ( grade='7' and schoolid=106 ) ORDER BY orderid asc  [ RunTime:0.0090s ]
INFO: [ app_end ] --START--
INFO: Run Behavior\ShowPageTraceBehavior [ RunTime:0.001000s ]
INFO: [ app_end ] --END-- [ RunTime:0.001000s ]

[ 2017-06-01T17:23:36+08:00 ] 127.0.0.1 /index.php/Manage/Ajax/GetGradeClass
INFO: [ app_begin ] --START--
INFO: Run Behavior\ReadHtmlCacheBehavior [ RunTime:0.000000s ]
INFO: [ app_begin ] --END-- [ RunTime:0.001000s ]
SQL: SHOW COLUMNS FROM `edu_class` [ RunTime:0.0110s ]
SQL: SELECT `name`,`id` FROM `edu_class` WHERE ( grade='8' and schoolid=106 ) ORDER BY orderid asc  [ RunTime:0.0090s ]
INFO: [ app_end ] --START--
INFO: Run Behavior\ShowPageTraceBehavior [ RunTime:0.001000s ]
INFO: [ app_end ] --END-- [ RunTime:0.001000s ]

[ 2017-06-01T17:23:39+08:00 ] 127.0.0.1 /index.php/Manage/Ajax/GetGradeClass
INFO: [ app_begin ] --START--
INFO: Run Behavior\ReadHtmlCacheBehavior [ RunTime:0.001001s ]
INFO: [ app_begin ] --END-- [ RunTime:0.001001s ]
SQL: SHOW COLUMNS FROM `edu_class` [ RunTime:0.0100s ]
SQL: SELECT `name`,`id` FROM `edu_class` WHERE ( grade='9' and schoolid=106 ) ORDER BY orderid asc  [ RunTime:0.0080s ]
INFO: [ app_end ] --START--
INFO: Run Behavior\ShowPageTraceBehavior [ RunTime:0.001000s ]
INFO: [ app_end ] --END-- [ RunTime:0.001000s ]

[ 2017-06-01T17:40:33+08:00 ] 127.0.0.1 /index.php/Manage/Ajax/GetGradeClass
INFO: [ app_begin ] --START--
INFO: Run Behavior\ReadHtmlCacheBehavior [ RunTime:0.001000s ]
INFO: [ app_begin ] --END-- [ RunTime:0.001000s ]
SQL: SHOW COLUMNS FROM `edu_class` [ RunTime:0.0180s ]
SQL: SELECT `name`,`id` FROM `edu_class` WHERE ( grade='9' and schoolid=106 ) ORDER BY orderid asc  [ RunTime:0.0150s ]
INFO: [ app_end ] --START--
INFO: Run Behavior\ShowPageTraceBehavior [ RunTime:0.000000s ]
INFO: [ app_end ] --END-- [ RunTime:0.000000s ]

[ 2017-06-01T17:40:39+08:00 ] 127.0.0.1 /index.php/Manage/Ajax/GetGradeClass
INFO: [ app_begin ] --START--
INFO: Run Behavior\ReadHtmlCacheBehavior [ RunTime:0.000000s ]
INFO: [ app_begin ] --END-- [ RunTime:0.001001s ]
SQL: SHOW COLUMNS FROM `edu_class` [ RunTime:0.0100s ]
SQL: SELECT `name`,`id` FROM `edu_class` WHERE ( grade='7' and schoolid=106 ) ORDER BY orderid asc  [ RunTime:0.0150s ]
INFO: [ app_end ] --START--
INFO: Run Behavior\ShowPageTraceBehavior [ RunTime:0.001000s ]
INFO: [ app_end ] --END-- [ RunTime:0.001000s ]

[ 2017-06-01T17:40:43+08:00 ] 127.0.0.1 /index.php/Manage/Ajax/GetGradeClass
INFO: [ app_begin ] --START--
INFO: Run Behavior\ReadHtmlCacheBehavior [ RunTime:0.001000s ]
INFO: [ app_begin ] --END-- [ RunTime:0.002000s ]
SQL: SHOW COLUMNS FROM `edu_class` [ RunTime:0.0140s ]
SQL: SELECT `name`,`id` FROM `edu_class` WHERE ( grade='0' and schoolid=106 ) ORDER BY orderid asc  [ RunTime:0.0100s ]
INFO: [ app_end ] --START--
INFO: Run Behavior\ShowPageTraceBehavior [ RunTime:0.001000s ]
INFO: [ app_end ] --END-- [ RunTime:0.002000s ]

[ 2017-06-01T17:40:51+08:00 ] 127.0.0.1 /index.php/Manage/Ajax/GetGradeClass
INFO: [ app_begin ] --START--
INFO: Run Behavior\ReadHtmlCacheBehavior [ RunTime:0.001000s ]
INFO: [ app_begin ] --END-- [ RunTime:0.001000s ]
SQL: SHOW COLUMNS FROM `edu_class` [ RunTime:0.0110s ]
SQL: SELECT `name`,`id` FROM `edu_class` WHERE ( grade='0' and schoolid=106 ) ORDER BY orderid asc  [ RunTime:0.0100s ]
INFO: [ app_end ] --START--
INFO: Run Behavior\ShowPageTraceBehavior [ RunTime:0.001000s ]
INFO: [ app_end ] --END-- [ RunTime:0.002000s ]

[ 2017-06-01T17:41:02+08:00 ] 127.0.0.1 /index.php/Manage/Ajax/GetGradeClass
INFO: [ app_begin ] --START--
INFO: Run Behavior\ReadHtmlCacheBehavior [ RunTime:0.001000s ]
INFO: [ app_begin ] --END-- [ RunTime:0.001000s ]
SQL: SHOW COLUMNS FROM `edu_class` [ RunTime:0.0130s ]
SQL: SELECT `name`,`id` FROM `edu_class` WHERE ( grade='9' and schoolid=106 ) ORDER BY orderid asc  [ RunTime:0.0100s ]
INFO: [ app_end ] --START--
INFO: Run Behavior\ShowPageTraceBehavior [ RunTime:0.001000s ]
INFO: [ app_end ] --END-- [ RunTime:0.001000s ]

[ 2017-06-01T17:41:05+08:00 ] 127.0.0.1 /index.php/Manage/Ajax/GetGradeClass
INFO: [ app_begin ] --START--
INFO: Run Behavior\ReadHtmlCacheBehavior [ RunTime:0.001000s ]
INFO: [ app_begin ] --END-- [ RunTime:0.002000s ]
SQL: SHOW COLUMNS FROM `edu_class` [ RunTime:0.0100s ]
SQL: SELECT `name`,`id` FROM `edu_class` WHERE ( grade='8' and schoolid=106 ) ORDER BY orderid asc  [ RunTime:0.0090s ]
INFO: [ app_end ] --START--
INFO: Run Behavior\ShowPageTraceBehavior [ RunTime:0.001000s ]
INFO: [ app_end ] --END-- [ RunTime:0.001000s ]

[ 2017-06-01T17:41:08+08:00 ] 127.0.0.1 /index.php/Manage/Ajax/GetGradeClass
INFO: [ app_begin ] --START--
INFO: Run Behavior\ReadHtmlCacheBehavior [ RunTime:0.000000s ]
INFO: [ app_begin ] --END-- [ RunTime:0.001000s ]
SQL: SHOW COLUMNS FROM `edu_class` [ RunTime:0.0110s ]
SQL: SELECT `name`,`id` FROM `edu_class` WHERE ( grade='7' and schoolid=106 ) ORDER BY orderid asc  [ RunTime:0.0100s ]
INFO: [ app_end ] --START--
INFO: Run Behavior\ShowPageTraceBehavior [ RunTime:0.001000s ]
INFO: [ app_end ] --END-- [ RunTime:0.001000s ]

[ 2017-06-01T17:43:05+08:00 ] 127.0.0.1 /index.php/Manage/Ajax/OutLogin
INFO: [ app_begin ] --START--
INFO: Run Behavior\ReadHtmlCacheBehavior [ RunTime:0.001000s ]
INFO: [ app_begin ] --END-- [ RunTime:0.001000s ]
INFO: [ app_end ] --START--
INFO: Run Behavior\ShowPageTraceBehavior [ RunTime:0.002000s ]
INFO: [ app_end ] --END-- [ RunTime:0.002000s ]

[ 2017-06-01T17:43:11+08:00 ] 127.0.0.1 /index.php/Manage/Ajax/Login
INFO: [ app_begin ] --START--
INFO: Run Behavior\ReadHtmlCacheBehavior [ RunTime:0.001000s ]
INFO: [ app_begin ] --END-- [ RunTime:0.001000s ]
SQL: SHOW COLUMNS FROM `edu_user` [ RunTime:0.0100s ]
SQL: SELECT `pwd`,`type`,`schoolid` FROM `edu_user` WHERE ( (account='liutong' or phone='liutong') and type=4 ) LIMIT 1   [ RunTime:0.0110s ]
INFO: [ app_end ] --START--
INFO: Run Behavior\ShowPageTraceBehavior [ RunTime:0.001000s ]
INFO: [ app_end ] --END-- [ RunTime:0.001000s ]

[ 2017-06-01T17:43:22+08:00 ] 127.0.0.1 /index.php/Manage/Ajax/GetGradeClass
INFO: [ app_begin ] --START--
INFO: Run Behavior\ReadHtmlCacheBehavior [ RunTime:0.000000s ]
INFO: [ app_begin ] --END-- [ RunTime:0.000000s ]
SQL: SHOW COLUMNS FROM `edu_class` [ RunTime:0.0960s ]
SQL: SELECT `name`,`id` FROM `edu_class` WHERE ( grade='6' and schoolid=94 ) ORDER BY orderid asc  [ RunTime:0.0870s ]
INFO: [ app_end ] --START--
INFO: Run Behavior\ShowPageTraceBehavior [ RunTime:0.001000s ]
INFO: [ app_end ] --END-- [ RunTime:0.001000s ]

[ 2017-06-01T17:46:03+08:00 ] 127.0.0.1 /index.php/Manage/Ajax/GetGradeClass
INFO: [ app_begin ] --START--
INFO: Run Behavior\ReadHtmlCacheBehavior [ RunTime:0.001000s ]
INFO: [ app_begin ] --END-- [ RunTime:0.001000s ]
SQL: SHOW COLUMNS FROM `edu_class` [ RunTime:0.0090s ]
SQL: SELECT `name`,`id` FROM `edu_class` WHERE ( grade='7' and schoolid=106 ) ORDER BY orderid asc  [ RunTime:0.0090s ]
INFO: [ app_end ] --START--
INFO: Run Behavior\ShowPageTraceBehavior [ RunTime:0.001000s ]
INFO: [ app_end ] --END-- [ RunTime:0.001000s ]

[ 2017-06-01T17:47:57+08:00 ] 127.0.0.1 /index.php/Manage/Ajax/GetGradeClass
INFO: [ app_begin ] --START--
INFO: Run Behavior\ReadHtmlCacheBehavior [ RunTime:0.000000s ]
INFO: [ app_begin ] --END-- [ RunTime:0.001000s ]
SQL: SHOW COLUMNS FROM `edu_class` [ RunTime:0.0100s ]
SQL: SELECT `name`,`id` FROM `edu_class` WHERE ( grade='7' and schoolid=106 ) ORDER BY orderid asc  [ RunTime:0.0090s ]
INFO: [ app_end ] --START--
INFO: Run Behavior\ShowPageTraceBehavior [ RunTime:0.001000s ]
INFO: [ app_end ] --END-- [ RunTime:0.001000s ]

[ 2017-06-01T17:48:14+08:00 ] 127.0.0.1 /index.php/Manage/Ajax/OutLogin
INFO: [ app_begin ] --START--
INFO: Run Behavior\ReadHtmlCacheBehavior [ RunTime:0.000000s ]
INFO: [ app_begin ] --END-- [ RunTime:0.002000s ]
INFO: [ app_end ] --START--
INFO: Run Behavior\ShowPageTraceBehavior [ RunTime:0.000000s ]
INFO: [ app_end ] --END-- [ RunTime:0.001000s ]

[ 2017-06-01T17:48:21+08:00 ] 127.0.0.1 /index.php/Manage/Ajax/Login
INFO: [ app_begin ] --START--
INFO: Run Behavior\ReadHtmlCacheBehavior [ RunTime:0.000000s ]
INFO: [ app_begin ] --END-- [ RunTime:0.000000s ]
SQL: SHOW COLUMNS FROM `edu_user` [ RunTime:0.0110s ]
SQL: SELECT `pwd`,`type`,`schoolid` FROM `edu_user` WHERE ( (account='liutong' or phone='liutong') and type=4 ) LIMIT 1   [ RunTime:0.0270s ]
INFO: [ app_end ] --START--
INFO: Run Behavior\ShowPageTraceBehavior [ RunTime:0.001000s ]
INFO: [ app_end ] --END-- [ RunTime:0.001000s ]

